TN:
SF:app/app.ts
FN:16,(anonymous_1)
FN:24,(anonymous_2)
FN:27,(anonymous_3)
FN:32,(anonymous_4)
FNF:4
FNH:0
FNDA:0,(anonymous_1)
FNDA:0,(anonymous_2)
FNDA:0,(anonymous_3)
FNDA:0,(anonymous_4)
DA:1,0
DA:2,0
DA:3,0
DA:4,0
DA:5,0
DA:6,0
DA:7,0
DA:8,0
DA:10,0
DA:12,0
DA:17,0
DA:18,0
DA:25,0
DA:28,0
DA:33,0
DA:34,0
LF:16
LH:0
BRF:0
BRH:0
end_of_record
TN:
SF:app/codeCharta/codeCharta.api.model.ts
FN:19,(anonymous_0)
FN:24,(anonymous_1)
FNF:2
FNH:2
FNDA:153,(anonymous_0)
FNDA:153,(anonymous_1)
DA:19,153
DA:20,153
DA:21,153
DA:24,153
DA:25,153
DA:26,153
DA:27,153
DA:28,153
LF:8
LH:8
BRDA:19,0,0,153
BRDA:19,0,1,153
BRDA:24,1,0,153
BRDA:24,1,1,153
BRF:4
BRH:4
end_of_record
TN:
SF:app/codeCharta/codeCharta.component.ts
FN:44,(anonymous_9)
FN:54,(anonymous_11)
FN:71,(anonymous_12)
FN:77,(anonymous_13)
FNF:4
FNH:4
FNDA:20,(anonymous_9)
FNDA:15,(anonymous_11)
FNDA:20,(anonymous_12)
FNDA:5,(anonymous_13)
DA:1,115
DA:3,115
DA:9,115
DA:10,115
DA:11,115
DA:12,115
DA:13,115
DA:14,115
DA:15,115
DA:17,115
DA:20,15
DA:30,15
DA:31,15
DA:32,15
DA:33,15
DA:34,15
DA:36,15
DA:38,15
DA:39,15
DA:40,15
DA:41,15
DA:45,20
DA:46,20
DA:47,5
DA:48,5
DA:50,19
DA:55,15
DA:56,13
DA:57,13
DA:58,13
DA:59,13
DA:60,0
DA:61,0
DA:63,13
DA:65,15
DA:72,20
DA:73,20
DA:74,20
DA:78,5
DA:79,5
DA:81,5
DA:82,0
DA:83,5
DA:84,0
DA:86,5
DA:91,115
LF:46
LH:42
BRDA:55,0,0,13
BRDA:55,0,1,2
BRDA:58,1,0,13
BRDA:58,1,1,0
BRDA:60,2,0,0
BRDA:60,2,1,0
BRDA:60,3,0,0
BRDA:60,3,1,0
BRDA:81,4,0,0
BRDA:81,4,1,5
BRDA:81,5,0,5
BRDA:81,5,1,0
BRDA:83,6,0,0
BRDA:83,6,1,5
BRF:14
BRH:6
end_of_record
TN:
SF:app/codeCharta/codeCharta.model.ts
FN:15,(anonymous_0)
FN:21,(anonymous_1)
FN:68,(anonymous_2)
FN:73,(anonymous_3)
FN:177,(anonymous_4)
FN:189,(anonymous_5)
FN:206,(anonymous_6)
FN:325,stateObjectReplacer
FN:341,stateObjectReviver
FN:361,(anonymous_9)
FNF:10
FNH:10
FNDA:161,(anonymous_0)
FNDA:161,(anonymous_1)
FNDA:161,(anonymous_2)
FNDA:161,(anonymous_3)
FNDA:161,(anonymous_4)
FNDA:161,(anonymous_5)
FNDA:161,(anonymous_6)
FNDA:222,stateObjectReplacer
FNDA:134,stateObjectReviver
FNDA:161,(anonymous_9)
DA:15,161
DA:16,161
DA:17,161
DA:18,161
DA:21,161
DA:22,161
DA:23,161
DA:24,161
DA:68,161
DA:69,161
DA:70,161
DA:73,161
DA:74,161
DA:75,161
DA:177,161
DA:178,161
DA:179,161
DA:189,161
DA:190,161
DA:191,161
DA:192,161
DA:193,161
DA:206,161
DA:207,161
DA:208,161
DA:326,222
DA:327,1
DA:332,221
DA:333,1
DA:338,220
DA:342,134
DA:343,1
DA:345,133
DA:346,1
DA:349,132
DA:361,161
DA:362,161
DA:363,161
DA:364,161
DA:365,161
DA:366,161
LF:41
LH:41
BRDA:15,0,0,161
BRDA:15,0,1,161
BRDA:21,1,0,161
BRDA:21,1,1,161
BRDA:68,2,0,161
BRDA:68,2,1,161
BRDA:73,3,0,161
BRDA:73,3,1,161
BRDA:177,4,0,161
BRDA:177,4,1,161
BRDA:189,5,0,161
BRDA:189,5,1,161
BRDA:206,6,0,161
BRDA:206,6,1,161
BRDA:326,7,0,1
BRDA:326,7,1,221
BRDA:332,8,0,1
BRDA:332,8,1,220
BRDA:342,9,0,1
BRDA:342,9,1,133
BRDA:342,10,0,116
BRDA:342,10,1,18
BRDA:342,11,0,134
BRDA:342,11,1,18
BRDA:345,12,0,1
BRDA:345,12,1,132
BRDA:345,13,0,116
BRDA:345,13,1,17
BRDA:345,14,0,133
BRDA:345,14,1,17
BRDA:361,15,0,161
BRDA:361,15,1,161
BRF:32
BRH:32
end_of_record
TN:
SF:app/codeCharta/codeCharta.module.ts
FNF:0
FNH:0
DA:3,115
DA:4,115
DA:6,115
DA:7,115
DA:9,115
DA:10,115
DA:11,115
DA:13,115
DA:15,115
LF:9
LH:9
BRF:0
BRH:0
end_of_record
TN:
SF:app/codeCharta/codeCharta.mouseEvent.service.ts
FN:7,(anonymous_0)
FN:12,(anonymous_1)
FN:22,(anonymous_2)
FN:28,(anonymous_3)
FNF:4
FNH:4
FNDA:21,(anonymous_0)
FNDA:9,(anonymous_1)
FNDA:6,(anonymous_2)
FNDA:5,(anonymous_3)
DA:2,115
DA:3,115
DA:4,115
DA:7,21
DA:13,9
DA:14,6
DA:17,9
DA:18,5
DA:23,6
DA:24,4
DA:29,5
DA:30,3
LF:12
LH:12
BRDA:13,0,0,6
BRDA:13,0,1,3
BRDA:17,1,0,5
BRDA:17,1,1,4
BRDA:23,2,0,4
BRDA:23,2,1,2
BRDA:29,3,0,3
BRDA:29,3,1,2
BRF:8
BRH:8
end_of_record
TN:
SF:app/codeCharta/codeCharta.service.ts
FN:20,(anonymous_0)
FN:22,(anonymous_1)
FN:51,(anonymous_2)
FN:57,(anonymous_3)
FN:60,(anonymous_4)
FN:62,(anonymous_5)
FNF:6
FNH:6
FNDA:27,(anonymous_0)
FNDA:12,(anonymous_1)
FNDA:7,(anonymous_2)
FNDA:7,(anonymous_3)
FNDA:3,(anonymous_4)
FNDA:9,(anonymous_5)
DA:1,151
DA:3,151
DA:5,151
DA:6,151
DA:8,151
DA:9,151
DA:10,151
DA:11,151
DA:12,151
DA:15,151
DA:16,151
DA:17,151
DA:18,27
DA:20,27
DA:23,12
DA:24,12
DA:25,12
DA:26,7
DA:28,5
DA:29,5
DA:30,5
DA:31,5
DA:32,5
DA:35,0
DA:36,0
DA:37,0
DA:42,12
DA:43,7
DA:44,7
DA:45,7
DA:46,7
DA:47,7
DA:52,7
DA:53,7
DA:54,7
DA:58,7
DA:59,7
DA:60,7
DA:62,9
DA:63,1
LF:40
LH:37
BRDA:28,0,0,5
BRDA:28,0,1,0
BRDA:35,1,0,0
BRDA:35,1,1,0
BRDA:42,2,0,7
BRDA:42,2,1,5
BRDA:62,3,0,1
BRDA:62,3,1,6
BRF:8
BRH:5
end_of_record
TN:
SF:app/codeCharta/model/customConfig/customConfig.api.model.ts
FN:3,(anonymous_0)
FNF:1
FNH:1
FNDA:150,(anonymous_0)
DA:3,150
DA:4,150
DA:5,150
DA:6,150
LF:4
LH:4
BRDA:3,0,0,150
BRDA:3,0,1,150
BRF:2
BRH:2
end_of_record
TN:
SF:app/codeCharta/model/files/files.helper.ts
FN:3,getCCFiles
FN:4,(anonymous_1)
FN:7,fileStatesAvailable
FN:8,(anonymous_3)
FN:11,getFileByFileName
FN:12,(anonymous_5)
FN:16,getVisibleFiles
FN:17,(anonymous_7)
FN:20,getVisibleFileStates
FN:21,(anonymous_9)
FN:24,isSingleState
FN:25,(anonymous_11)
FN:28,isDeltaState
FN:29,(anonymous_13)
FN:32,isPartialState
FN:33,(anonymous_15)
FNF:16
FNH:16
FNDA:18,getCCFiles
FNDA:14,(anonymous_1)
FNDA:666,fileStatesAvailable
FNDA:22,(anonymous_3)
FNDA:3,getFileByFileName
FNDA:4,(anonymous_5)
FNDA:3,getVisibleFiles
FNDA:3,(anonymous_7)
FNDA:79,getVisibleFileStates
FNDA:135,(anonymous_9)
FNDA:24,isSingleState
FNDA:37,(anonymous_11)
FNDA:84,isDeltaState
FNDA:43,(anonymous_13)
FNDA:20,isPartialState
FNDA:28,(anonymous_15)
DA:1,151
DA:4,18
DA:8,666
DA:12,4
DA:13,3
DA:17,3
DA:21,135
DA:25,37
DA:29,84
DA:33,28
LF:10
LH:10
BRDA:13,0,0,2
BRDA:13,0,1,1
BRDA:29,1,0,43
BRDA:29,1,1,33
BRF:4
BRH:4
end_of_record
TN:
SF:app/codeCharta/model/files/files.ts
FN:8,(anonymous_0)
FNF:1
FNH:1
FNDA:155,(anonymous_0)
DA:8,155
DA:9,155
DA:10,155
DA:11,155
DA:12,155
DA:13,155
LF:6
LH:6
BRDA:8,0,0,155
BRDA:8,0,1,155
BRF:2
BRH:2
end_of_record
TN:
SF:app/codeCharta/ressources/fixed-folders/fixed-folders-example.ts
FNF:0
FNH:0
DA:1,2
DA:4,2
DA:141,2
LF:3
LH:3
BRF:0
BRH:0
end_of_record
TN:
SF:app/codeCharta/state/injector.service.ts
FN:57,(anonymous_0)
FNF:1
FNH:1
FNDA:13,(anonymous_0)
DA:60,13
DA:61,13
DA:62,13
DA:63,13
DA:64,13
DA:65,13
DA:66,13
DA:67,13
DA:68,13
DA:69,13
DA:70,13
DA:71,13
DA:72,13
DA:73,13
DA:74,13
DA:75,13
DA:76,13
DA:77,13
DA:78,13
DA:79,13
DA:80,13
DA:81,13
DA:82,13
DA:83,13
DA:84,13
DA:85,13
DA:86,13
DA:87,13
DA:88,13
DA:89,13
DA:90,13
DA:91,13
DA:92,13
DA:93,13
DA:94,13
DA:95,13
DA:96,13
DA:97,13
DA:98,13
DA:99,13
DA:100,13
DA:101,13
DA:102,13
DA:103,13
DA:104,13
DA:105,13
DA:106,13
DA:107,13
DA:108,13
DA:109,13
DA:110,13
LF:51
LH:51
BRF:0
BRH:0
end_of_record
TN:
SF:app/codeCharta/state/nodeSearch.service.ts
FN:19,(anonymous_0)
FN:27,(anonymous_1)
FN:30,(anonymous_2)
FN:33,(anonymous_3)
FN:37,(anonymous_4)
FN:38,(anonymous_5)
FNF:6
FNH:5
FNDA:22,(anonymous_0)
FNDA:14,(anonymous_1)
FNDA:29,(anonymous_2)
FNDA:14,(anonymous_3)
FNDA:1,(anonymous_4)
FNDA:0,(anonymous_5)
DA:3,115
DA:6,115
DA:7,115
DA:14,115
DA:16,22
DA:20,22
DA:21,22
DA:22,22
DA:24,22
DA:28,14
DA:29,14
DA:30,29
DA:34,14
DA:38,1
DA:39,0
LF:15
LH:14
BRF:0
BRH:0
end_of_record
TN:
SF:app/codeCharta/state/state.module.ts
FNF:0
FNH:0
DA:1,115
DA:3,115
DA:4,115
DA:5,115
DA:6,115
DA:7,115
DA:8,115
DA:9,115
DA:10,115
DA:11,115
DA:12,115
DA:13,115
DA:14,115
DA:15,115
DA:16,115
DA:17,115
DA:18,115
DA:19,115
DA:20,115
DA:21,115
DA:22,115
DA:23,115
DA:24,115
DA:25,115
DA:26,115
DA:27,115
DA:28,115
DA:29,115
DA:30,115
DA:31,115
DA:32,115
DA:33,115
DA:34,115
DA:35,115
DA:36,115
DA:37,115
DA:38,115
DA:39,115
DA:40,115
DA:41,115
DA:42,115
DA:43,115
DA:44,115
DA:45,115
DA:46,115
DA:47,115
DA:48,115
DA:49,115
DA:50,115
DA:51,115
DA:52,115
DA:53,115
DA:54,115
DA:55,115
DA:56,115
DA:57,115
DA:59,115
LF:57
LH:57
BRF:0
BRH:0
end_of_record
TN:
SF:app/codeCharta/state/store.service.ts
FN:30,(anonymous_1)
FN:34,(anonymous_2)
FN:60,(anonymous_3)
FN:64,(anonymous_4)
FN:68,(anonymous_5)
FN:69,(anonymous_6)
FNF:6
FNH:6
FNDA:881,(anonymous_1)
FNDA:1663,(anonymous_2)
FNDA:3889,(anonymous_3)
FNDA:3094,(anonymous_4)
FNDA:1330,(anonymous_5)
FNDA:25604,(anonymous_6)
DA:1,151
DA:2,151
DA:4,151
DA:5,151
DA:6,151
DA:8,151
DA:9,151
DA:10,151
DA:11,151
DA:12,151
DA:13,151
DA:14,151
DA:15,151
DA:26,151
DA:30,881
DA:31,881
DA:35,1663
DA:49,790
DA:52,1663
DA:53,3103
DA:54,3099
DA:55,3094
DA:61,3889
DA:65,3094
DA:69,1330
DA:70,25604
LF:26
LH:26
BRDA:34,0,0,1658
BRDA:35,1,0,790
BRDA:35,1,1,873
BRDA:37,2,0,1663
BRDA:37,2,1,866
BRDA:37,2,2,841
BRDA:37,2,3,840
BRDA:37,2,4,826
BRDA:37,2,5,825
BRDA:37,2,6,819
BRDA:37,2,7,805
BRDA:37,2,8,801
BRDA:37,2,9,795
BRDA:54,3,0,3094
BRDA:54,3,1,5
BRF:15
BRH:15
end_of_record
TN:
SF:app/codeCharta/state/store/state.actions.ts
FN:12,(anonymous_0)
FN:23,setState
FNF:2
FNH:2
FNDA:152,(anonymous_0)
FNDA:29,setState
DA:4,152
DA:5,152
DA:6,152
DA:7,152
DA:8,152
DA:9,152
DA:10,152
DA:12,152
DA:13,152
DA:24,29
DA:30,152
LF:11
LH:11
BRDA:12,0,0,152
BRDA:12,0,1,152
BRDA:23,1,0,1
BRF:3
BRH:3
end_of_record
TN:
SF:app/codeCharta/state/store/state.reducer.ts
FNF:0
FNH:0
DA:2,151
DA:3,151
DA:4,151
DA:5,151
DA:6,151
DA:7,151
DA:8,151
DA:9,151
DA:11,151
DA:22,151
LF:10
LH:10
BRF:0
BRH:0
end_of_record
TN:
SF:app/codeCharta/state/store/state.splitter.ts
FN:21,splitStateActions
FNF:1
FNH:1
FNDA:1669,splitStateActions
DA:2,152
DA:5,152
DA:6,152
DA:7,152
DA:8,152
DA:9,152
DA:10,152
DA:13,152
DA:14,152
DA:15,152
DA:16,152
DA:17,152
DA:18,152
DA:19,152
DA:23,1669
DA:24,0
DA:27,1669
DA:28,0
DA:31,1669
DA:32,15
DA:35,1654
DA:36,1
DA:39,1653
DA:40,19
DA:43,1634
DA:44,0
DA:47,1634
DA:48,25
DA:51,25
DA:52,17
DA:55,25
DA:56,17
DA:59,25
DA:60,22
DA:63,25
DA:64,18
DA:67,25
DA:68,22
DA:71,25
DA:72,17
DA:75,25
DA:76,17
DA:78,25
DA:81,1609
LF:44
LH:41
BRDA:23,0,0,0
BRDA:23,0,1,1669
BRDA:27,1,0,0
BRDA:27,1,1,1669
BRDA:31,2,0,15
BRDA:31,2,1,1654
BRDA:35,3,0,1
BRDA:35,3,1,1653
BRDA:39,4,0,19
BRDA:39,4,1,1634
BRDA:43,5,0,0
BRDA:43,5,1,1634
BRDA:47,6,0,25
BRDA:47,6,1,1609
BRDA:51,7,0,17
BRDA:51,7,1,8
BRDA:55,8,0,17
BRDA:55,8,1,8
BRDA:59,9,0,22
BRDA:59,9,1,3
BRDA:63,10,0,18
BRDA:63,10,1,7
BRDA:67,11,0,22
BRDA:67,11,1,3
BRDA:71,12,0,17
BRDA:71,12,1,8
BRDA:75,13,0,17
BRDA:75,13,1,8
BRF:28
BRH:25
end_of_record
TN:
SF:app/codeCharta/state/store/appSettings/appSettings.actions.ts
FN:33,(anonymous_0)
FN:44,setAppSettings
FNF:2
FNH:2
FNDA:152,(anonymous_0)
FNDA:22,setAppSettings
DA:4,152
DA:5,152
DA:6,152
DA:7,152
DA:8,152
DA:9,152
DA:10,152
DA:11,152
DA:12,152
DA:13,152
DA:14,152
DA:15,152
DA:16,152
DA:17,152
DA:18,152
DA:19,152
DA:20,152
DA:21,152
DA:22,152
DA:23,152
DA:24,152
DA:25,152
DA:26,152
DA:27,152
DA:28,152
DA:29,152
DA:30,152
DA:31,152
DA:33,152
DA:34,152
DA:45,22
DA:51,152
LF:32
LH:32
BRDA:33,0,0,152
BRDA:33,0,1,152
BRDA:44,1,0,21
BRF:3
BRH:3
end_of_record
TN:
SF:app/codeCharta/state/store/appSettings/appSettings.reducer.ts
FNF:0
FNH:0
DA:2,151
DA:3,151
DA:4,151
DA:5,151
DA:6,151
DA:7,151
DA:8,151
DA:9,151
DA:10,151
DA:11,151
DA:12,151
DA:13,151
DA:14,151
DA:15,151
DA:16,151
DA:17,151
DA:18,151
DA:19,151
DA:20,151
DA:21,151
DA:22,151
DA:23,151
DA:24,151
DA:25,151
DA:26,151
DA:27,151
DA:28,151
DA:29,151
DA:30,151
DA:32,151
DA:64,151
LF:31
LH:31
BRF:0
BRH:0
end_of_record
TN:
SF:app/codeCharta/state/store/appSettings/appSettings.splitter.ts
FN:34,splitAppSettingsActions
FNF:1
FNH:1
FNDA:41,splitAppSettingsActions
DA:5,152
DA:6,152
DA:7,152
DA:8,152
DA:9,152
DA:10,152
DA:11,152
DA:12,152
DA:13,152
DA:14,152
DA:15,152
DA:16,152
DA:17,152
DA:18,152
DA:19,152
DA:20,152
DA:21,152
DA:22,152
DA:23,152
DA:24,152
DA:25,152
DA:26,152
DA:27,152
DA:28,152
DA:29,152
DA:30,152
DA:31,152
DA:32,152
DA:35,41
DA:38,41
DA:39,35
DA:42,41
DA:43,35
DA:46,41
DA:47,35
DA:50,41
DA:51,35
DA:54,41
DA:55,35
DA:58,41
DA:59,35
DA:62,41
DA:63,35
DA:66,41
DA:67,35
DA:70,41
DA:71,35
DA:74,41
DA:75,35
DA:78,41
DA:79,35
DA:82,41
DA:83,35
DA:86,41
DA:87,35
DA:90,41
DA:91,35
DA:94,41
DA:95,35
DA:98,41
DA:99,35
DA:102,41
DA:103,35
DA:106,41
DA:107,37
DA:110,41
DA:111,37
DA:114,41
DA:115,36
DA:118,41
DA:119,37
DA:122,41
DA:123,36
DA:126,41
DA:127,35
DA:130,41
DA:131,35
DA:134,41
DA:135,35
DA:138,41
DA:139,35
DA:142,41
DA:143,35
DA:146,41
DA:147,35
DA:150,41
LF:86
LH:86
BRDA:38,0,0,35
BRDA:38,0,1,6
BRDA:42,1,0,35
BRDA:42,1,1,6
BRDA:46,2,0,35
BRDA:46,2,1,6
BRDA:50,3,0,35
BRDA:50,3,1,6
BRDA:54,4,0,35
BRDA:54,4,1,6
BRDA:58,5,0,35
BRDA:58,5,1,6
BRDA:62,6,0,35
BRDA:62,6,1,6
BRDA:66,7,0,35
BRDA:66,7,1,6
BRDA:70,8,0,35
BRDA:70,8,1,6
BRDA:74,9,0,35
BRDA:74,9,1,6
BRDA:78,10,0,35
BRDA:78,10,1,6
BRDA:82,11,0,35
BRDA:82,11,1,6
BRDA:86,12,0,35
BRDA:86,12,1,6
BRDA:90,13,0,35
BRDA:90,13,1,6
BRDA:94,14,0,35
BRDA:94,14,1,6
BRDA:98,15,0,35
BRDA:98,15,1,6
BRDA:102,16,0,35
BRDA:102,16,1,6
BRDA:106,17,0,37
BRDA:106,17,1,4
BRDA:110,18,0,37
BRDA:110,18,1,4
BRDA:114,19,0,36
BRDA:114,19,1,5
BRDA:118,20,0,37
BRDA:118,20,1,4
BRDA:122,21,0,36
BRDA:122,21,1,5
BRDA:126,22,0,35
BRDA:126,22,1,6
BRDA:130,23,0,35
BRDA:130,23,1,6
BRDA:134,24,0,35
BRDA:134,24,1,6
BRDA:138,25,0,35
BRDA:138,25,1,6
BRDA:142,26,0,35
BRDA:142,26,1,6
BRDA:146,27,0,35
BRDA:146,27,1,6
BRF:56
BRH:56
end_of_record
TN:
SF:app/codeCharta/state/store/appSettings/amountOfEdgePreviews/amountOfEdgePreviews.actions.ts
FN:3,(anonymous_0)
FN:14,setAmountOfEdgePreviews
FNF:2
FNH:2
FNDA:153,(anonymous_0)
FNDA:1530,setAmountOfEdgePreviews
DA:3,153
DA:4,153
DA:15,1530
DA:21,153
LF:4
LH:4
BRDA:3,0,0,153
BRDA:3,0,1,153
BRDA:14,1,0,1489
BRF:3
BRH:3
end_of_record
TN:
SF:app/codeCharta/state/store/appSettings/amountOfEdgePreviews/amountOfEdgePreviews.reducer.ts
FN:3,amountOfEdgePreviews
FNF:1
FNH:1
FNDA:4646,amountOfEdgePreviews
DA:1,152
DA:4,4646
DA:6,43
DA:8,4603
LF:4
LH:4
BRDA:3,0,0,1488
BRDA:5,1,0,43
BRDA:5,1,1,4603
BRF:3
BRH:3
end_of_record
TN:
SF:app/codeCharta/state/store/appSettings/amountOfEdgePreviews/amountOfEdgePreviews.service.ts
FN:13,(anonymous_0)
FN:17,(anonymous_1)
FN:23,(anonymous_2)
FN:27,(anonymous_3)
FN:33,(anonymous_4)
FN:34,(anonymous_5)
FNF:6
FNH:5
FNDA:17,(anonymous_0)
FNDA:517,(anonymous_1)
FNDA:17,(anonymous_2)
FNDA:17,(anonymous_3)
FNDA:1,(anonymous_4)
FNDA:0,(anonymous_5)
DA:1,115
DA:3,115
DA:4,115
DA:11,115
DA:13,17
DA:14,17
DA:18,517
DA:19,17
DA:24,17
DA:28,17
DA:34,1
DA:35,0
LF:12
LH:11
BRDA:18,0,0,17
BRDA:18,0,1,500
BRF:2
BRH:2
end_of_record
TN:
SF:app/codeCharta/state/store/appSettings/amountOfEdgePreviews/amountOfEdgePreviews.splitter.ts
FN:3,splitAmountOfEdgePreviewsAction
FNF:1
FNH:1
FNDA:35,splitAmountOfEdgePreviewsAction
DA:1,152
DA:4,35
LF:2
LH:2
BRF:0
BRH:0
end_of_record
TN:
SF:app/codeCharta/state/store/appSettings/amountOfTopLabels/amountOfTopLabels.actions.ts
FN:3,(anonymous_0)
FN:14,setAmountOfTopLabels
FNF:2
FNH:2
FNDA:153,(anonymous_0)
FNDA:1541,setAmountOfTopLabels
DA:3,153
DA:4,153
DA:15,1541
DA:21,153
LF:4
LH:4
BRDA:3,0,0,153
BRDA:3,0,1,153
BRDA:14,1,0,1489
BRF:3
BRH:3
end_of_record
TN:
SF:app/codeCharta/state/store/appSettings/amountOfTopLabels/amountOfTopLabels.reducer.ts
FN:3,amountOfTopLabels
FNF:1
FNH:1
FNDA:4646,amountOfTopLabels
DA:1,152
DA:4,4646
DA:6,54
DA:8,4592
LF:4
LH:4
BRDA:3,0,0,1488
BRDA:5,1,0,54
BRDA:5,1,1,4592
BRF:3
BRH:3
end_of_record
TN:
SF:app/codeCharta/state/store/appSettings/amountOfTopLabels/amountOfTopLabels.service.ts
FN:13,(anonymous_0)
FN:17,(anonymous_1)
FN:23,(anonymous_2)
FN:27,(anonymous_3)
FN:33,(anonymous_4)
FN:34,(anonymous_5)
FNF:6
FNH:5
FNDA:17,(anonymous_0)
FNDA:517,(anonymous_1)
FNDA:17,(anonymous_2)
FNDA:17,(anonymous_3)
FNDA:1,(anonymous_4)
FNDA:0,(anonymous_5)
DA:1,115
DA:3,115
DA:4,115
DA:11,115
DA:13,17
DA:14,17
DA:18,517
DA:19,17
DA:24,17
DA:28,17
DA:34,1
DA:35,0
LF:12
LH:11
BRDA:18,0,0,17
BRDA:18,0,1,500
BRF:2
BRH:2
end_of_record
TN:
SF:app/codeCharta/state/store/appSettings/amountOfTopLabels/amountOfTopLabels.splitter.ts
FN:3,splitAmountOfTopLabelsAction
FNF:1
FNH:1
FNDA:35,splitAmountOfTopLabelsAction
DA:1,152
DA:4,35
LF:2
LH:2
BRF:0
BRH:0
end_of_record
TN:
SF:app/codeCharta/state/store/appSettings/camera/camera.actions.ts
FN:4,(anonymous_0)
FN:15,setCamera
FNF:2
FNH:2
FNDA:153,(anonymous_0)
FNDA:1533,setCamera
DA:1,153
DA:4,153
DA:5,153
DA:16,1533
DA:22,153
LF:5
LH:5
BRDA:4,0,0,153
BRDA:4,0,1,153
BRDA:15,1,0,1491
BRF:3
BRH:3
end_of_record
TN:
SF:app/codeCharta/state/store/appSettings/camera/camera.reducer.ts
FN:4,camera
FNF:1
FNH:1
FNDA:4646,camera
DA:1,152
DA:2,152
DA:5,4646
DA:7,44
DA:9,4602
LF:5
LH:5
BRDA:4,0,0,1488
BRDA:6,1,0,44
BRDA:6,1,1,4602
BRF:3
BRH:3
end_of_record
TN:
SF:app/codeCharta/state/store/appSettings/camera/camera.service.ts
FN:14,(anonymous_0)
FN:18,(anonymous_1)
FN:24,(anonymous_2)
FN:28,(anonymous_3)
FN:33,(anonymous_4)
FN:34,(anonymous_5)
FNF:6
FNH:6
FNDA:15,(anonymous_0)
FNDA:515,(anonymous_1)
FNDA:16,(anonymous_2)
FNDA:16,(anonymous_3)
FNDA:294,(anonymous_4)
FNDA:16,(anonymous_5)
DA:1,115
DA:3,115
DA:5,115
DA:12,115
DA:14,15
DA:15,15
DA:19,515
DA:20,16
DA:25,16
DA:30,16
DA:34,294
DA:35,16
LF:12
LH:12
BRDA:19,0,0,16
BRDA:19,0,1,499
BRF:2
BRH:2
end_of_record
TN:
SF:app/codeCharta/state/store/appSettings/camera/camera.splitter.ts
FN:4,splitCameraAction
FNF:1
FNH:1
FNDA:36,splitCameraAction
DA:1,152
DA:5,36
LF:2
LH:2
BRF:0
BRH:0
end_of_record
TN:
SF:app/codeCharta/state/store/appSettings/cameraTarget/cameraTarget.actions.ts
FN:4,(anonymous_0)
FN:15,setCameraTarget
FNF:2
FNH:2
FNDA:153,(anonymous_0)
FNDA:1526,setCameraTarget
DA:1,153
DA:4,153
DA:5,153
DA:16,1526
DA:22,153
LF:5
LH:5
BRDA:4,0,0,153
BRDA:4,0,1,153
BRDA:15,1,0,1489
BRF:3
BRH:3
end_of_record
TN:
SF:app/codeCharta/state/store/appSettings/cameraTarget/cameraTarget.reducer.ts
FN:4,cameraTarget
FNF:1
FNH:1
FNDA:4646,cameraTarget
DA:1,152
DA:2,152
DA:5,4646
DA:7,39
DA:9,4607
LF:5
LH:5
BRDA:4,0,0,1488
BRDA:6,1,0,39
BRDA:6,1,1,4607
BRF:3
BRH:3
end_of_record
TN:
SF:app/codeCharta/state/store/appSettings/cameraTarget/cameraTarget.service.ts
FN:14,(anonymous_0)
FN:18,(anonymous_1)
FN:24,(anonymous_2)
FN:28,(anonymous_3)
FN:32,(anonymous_4)
FN:33,(anonymous_5)
FNF:6
FNH:4
FNDA:17,(anonymous_0)
FNDA:517,(anonymous_1)
FNDA:17,(anonymous_2)
FNDA:17,(anonymous_3)
FNDA:0,(anonymous_4)
FNDA:0,(anonymous_5)
DA:2,115
DA:4,115
DA:5,115
DA:12,115
DA:14,17
DA:15,17
DA:19,517
DA:20,17
DA:25,17
DA:29,17
DA:33,0
DA:34,0
LF:12
LH:10
BRDA:19,0,0,17
BRDA:19,0,1,500
BRF:2
BRH:2
end_of_record
TN:
SF:app/codeCharta/state/store/appSettings/cameraTarget/cameraTarget.splitter.ts
FN:4,splitCameraTargetAction
FNF:1
FNH:1
FNDA:35,splitCameraTargetAction
DA:2,152
DA:5,35
LF:2
LH:2
BRF:0
BRH:0
end_of_record
TN:
SF:app/codeCharta/state/store/appSettings/dynamicMargin/dynamicMargin.actions.ts
FN:3,(anonymous_0)
FN:14,setDynamicMargin
FNF:2
FNH:2
FNDA:153,(anonymous_0)
FNDA:1534,setDynamicMargin
DA:3,153
DA:4,153
DA:15,1534
DA:21,153
LF:4
LH:4
BRDA:3,0,0,153
BRDA:3,0,1,153
BRDA:14,1,0,1489
BRF:3
BRH:3
end_of_record
TN:
SF:app/codeCharta/state/store/appSettings/dynamicMargin/dynamicMargin.reducer.ts
FN:3,dynamicMargin
FNF:1
FNH:1
FNDA:4646,dynamicMargin
DA:1,152
DA:4,4646
DA:6,47
DA:8,4599
LF:4
LH:4
BRDA:3,0,0,1488
BRDA:5,1,0,47
BRDA:5,1,1,4599
BRF:3
BRH:3
end_of_record
TN:
SF:app/codeCharta/state/store/appSettings/dynamicMargin/dynamicMargin.service.ts
FN:13,(anonymous_0)
FN:17,(anonymous_1)
FN:23,(anonymous_2)
FN:27,(anonymous_3)
FN:31,(anonymous_4)
FN:32,(anonymous_5)
FNF:6
FNH:6
FNDA:17,(anonymous_0)
FNDA:517,(anonymous_1)
FNDA:17,(anonymous_2)
FNDA:17,(anonymous_3)
FNDA:19,(anonymous_4)
FNDA:16,(anonymous_5)
DA:1,115
DA:3,115
DA:4,115
DA:11,115
DA:13,17
DA:14,17
DA:18,517
DA:19,17
DA:24,17
DA:28,17
DA:32,19
DA:33,16
LF:12
LH:12
BRDA:18,0,0,17
BRDA:18,0,1,500
BRF:2
BRH:2
end_of_record
TN:
SF:app/codeCharta/state/store/appSettings/dynamicMargin/dynamicMargin.splitter.ts
FN:3,splitDynamicMarginAction
FNF:1
FNH:1
FNDA:35,splitDynamicMarginAction
DA:1,152
DA:4,35
LF:2
LH:2
BRF:0
BRH:0
end_of_record
TN:
SF:app/codeCharta/state/store/appSettings/edgeHeight/edgeHeight.actions.ts
FN:3,(anonymous_0)
FN:14,setEdgeHeight
FNF:2
FNH:2
FNDA:153,(anonymous_0)
FNDA:1527,setEdgeHeight
DA:3,153
DA:4,153
DA:15,1527
DA:21,153
LF:4
LH:4
BRDA:3,0,0,153
BRDA:3,0,1,153
BRDA:14,1,0,1489
BRF:3
BRH:3
end_of_record
TN:
SF:app/codeCharta/state/store/appSettings/edgeHeight/edgeHeight.reducer.ts
FN:3,edgeHeight
FNF:1
FNH:1
FNDA:4646,edgeHeight
DA:1,152
DA:4,4646
DA:6,39
DA:8,4607
LF:4
LH:4
BRDA:3,0,0,1488
BRDA:5,1,0,39
BRDA:5,1,1,4607
BRF:3
BRH:3
end_of_record
TN:
SF:app/codeCharta/state/store/appSettings/edgeHeight/edgeHeight.service.ts
FN:13,(anonymous_0)
FN:17,(anonymous_1)
FN:23,(anonymous_2)
FN:27,(anonymous_3)
FN:31,(anonymous_4)
FN:32,(anonymous_5)
FNF:6
FNH:5
FNDA:17,(anonymous_0)
FNDA:517,(anonymous_1)
FNDA:17,(anonymous_2)
FNDA:17,(anonymous_3)
FNDA:3,(anonymous_4)
FNDA:0,(anonymous_5)
DA:1,115
DA:3,115
DA:4,115
DA:11,115
DA:13,17
DA:14,17
DA:18,517
DA:19,17
DA:24,17
DA:28,17
DA:32,3
DA:33,0
LF:12
LH:11
BRDA:18,0,0,17
BRDA:18,0,1,500
BRF:2
BRH:2
end_of_record
TN:
SF:app/codeCharta/state/store/appSettings/edgeHeight/edgeHeight.splitter.ts
FN:3,splitEdgeHeightAction
FNF:1
FNH:1
FNDA:36,splitEdgeHeightAction
DA:1,152
DA:4,36
LF:2
LH:2
BRF:0
BRH:0
end_of_record
TN:
SF:app/codeCharta/state/store/appSettings/enableExperimentalFeatures/experimentalFeaturesEnabled.actions.ts
FN:3,(anonymous_0)
FN:14,setExperimentalFeaturesEnabled
FNF:2
FNH:2
FNDA:153,(anonymous_0)
FNDA:1531,setExperimentalFeaturesEnabled
DA:3,153
DA:4,153
DA:17,1531
DA:23,153
LF:4
LH:4
BRDA:3,0,0,153
BRDA:3,0,1,153
BRDA:15,1,0,1489
BRF:3
BRH:3
end_of_record
TN:
SF:app/codeCharta/state/store/appSettings/enableExperimentalFeatures/experimentalFeaturesEnabled.reducer.ts
FN:7,experimentalFeaturesEnabled
FNF:1
FNH:1
FNDA:4646,experimentalFeaturesEnabled
DA:1,152
DA:8,4646
DA:10,44
DA:12,4602
LF:4
LH:4
BRDA:7,0,0,1488
BRDA:9,1,0,44
BRDA:9,1,1,4602
BRF:3
BRH:3
end_of_record
TN:
SF:app/codeCharta/state/store/appSettings/enableExperimentalFeatures/experimentalFeaturesEnabled.service.ts
FN:13,(anonymous_0)
FN:17,(anonymous_1)
FN:23,(anonymous_2)
FN:27,(anonymous_3)
FN:33,(anonymous_4)
FN:34,(anonymous_5)
FNF:6
FNH:5
FNDA:17,(anonymous_0)
FNDA:517,(anonymous_1)
FNDA:21,(anonymous_2)
FNDA:21,(anonymous_3)
FNDA:12,(anonymous_4)
FNDA:0,(anonymous_5)
DA:1,115
DA:3,115
DA:4,115
DA:11,115
DA:13,17
DA:14,17
DA:18,517
DA:19,21
DA:24,21
DA:28,21
DA:34,12
DA:35,0
LF:12
LH:11
BRDA:18,0,0,21
BRDA:18,0,1,496
BRF:2
BRH:2
end_of_record
TN:
SF:app/codeCharta/state/store/appSettings/enableExperimentalFeatures/experimentalFeaturesEnabled.splitter.ts
FN:3,splitExperimentalFeaturesEnabledAction
FNF:1
FNH:1
FNDA:35,splitExperimentalFeaturesEnabledAction
DA:1,152
DA:4,35
LF:2
LH:2
BRF:0
BRH:0
end_of_record
TN:
SF:app/codeCharta/state/store/appSettings/hideFlatBuildings/hideFlatBuildings.actions.ts
FN:3,(anonymous_0)
FN:14,setHideFlatBuildings
FNF:2
FNH:2
FNDA:153,(anonymous_0)
FNDA:1533,setHideFlatBuildings
DA:3,153
DA:4,153
DA:15,1533
DA:21,153
LF:4
LH:4
BRDA:3,0,0,153
BRDA:3,0,1,153
BRDA:14,1,0,1489
BRF:3
BRH:3
end_of_record
TN:
SF:app/codeCharta/state/store/appSettings/hideFlatBuildings/hideFlatBuildings.reducer.ts
FN:3,hideFlatBuildings
FNF:1
FNH:1
FNDA:4646,hideFlatBuildings
DA:1,152
DA:4,4646
DA:6,46
DA:8,4600
LF:4
LH:4
BRDA:3,0,0,1488
BRDA:5,1,0,46
BRDA:5,1,1,4600
BRF:3
BRH:3
end_of_record
TN:
SF:app/codeCharta/state/store/appSettings/hideFlatBuildings/hideFlatBuildings.service.ts
FN:13,(anonymous_0)
FN:17,(anonymous_1)
FN:23,(anonymous_2)
FN:27,(anonymous_3)
FN:33,(anonymous_4)
FN:34,(anonymous_5)
FNF:6
FNH:5
FNDA:17,(anonymous_0)
FNDA:517,(anonymous_1)
FNDA:21,(anonymous_2)
FNDA:21,(anonymous_3)
FNDA:1,(anonymous_4)
FNDA:0,(anonymous_5)
DA:1,115
DA:3,115
DA:4,115
DA:11,115
DA:13,17
DA:14,17
DA:18,517
DA:19,21
DA:24,21
DA:28,21
DA:34,1
DA:35,0
LF:12
LH:11
BRDA:18,0,0,21
BRDA:18,0,1,496
BRF:2
BRH:2
end_of_record
TN:
SF:app/codeCharta/state/store/appSettings/hideFlatBuildings/hideFlatBuildings.splitter.ts
FN:3,splitHideFlatBuildingsAction
FNF:1
FNH:1
FNDA:37,splitHideFlatBuildingsAction
DA:1,152
DA:4,37
LF:2
LH:2
BRF:0
BRH:0
end_of_record
TN:
SF:app/codeCharta/state/store/appSettings/invertColorRange/invertColorRange.actions.ts
FN:3,(anonymous_0)
FN:14,setInvertColorRange
FNF:2
FNH:2
FNDA:153,(anonymous_0)
FNDA:1530,setInvertColorRange
DA:3,153
DA:4,153
DA:15,1530
DA:21,153
LF:4
LH:4
BRDA:3,0,0,153
BRDA:3,0,1,153
BRDA:14,1,0,1489
BRF:3
BRH:3
end_of_record
TN:
SF:app/codeCharta/state/store/appSettings/invertColorRange/invertColorRange.reducer.ts
FN:3,invertColorRange
FNF:1
FNH:1
FNDA:4646,invertColorRange
DA:1,152
DA:4,4646
DA:6,43
DA:8,4603
LF:4
LH:4
BRDA:3,0,0,1488
BRDA:5,1,0,43
BRDA:5,1,1,4603
BRF:3
BRH:3
end_of_record
TN:
SF:app/codeCharta/state/store/appSettings/invertColorRange/invertColorRange.service.ts
FN:13,(anonymous_0)
FN:17,(anonymous_1)
FN:23,(anonymous_2)
FN:27,(anonymous_3)
FN:33,(anonymous_4)
FN:34,(anonymous_5)
FNF:6
FNH:5
FNDA:17,(anonymous_0)
FNDA:517,(anonymous_1)
FNDA:17,(anonymous_2)
FNDA:17,(anonymous_3)
FNDA:10,(anonymous_4)
FNDA:0,(anonymous_5)
DA:1,115
DA:3,115
DA:4,115
DA:11,115
DA:13,17
DA:14,17
DA:18,517
DA:19,17
DA:24,17
DA:28,17
DA:34,10
DA:35,0
LF:12
LH:11
BRDA:18,0,0,17
BRDA:18,0,1,500
BRF:2
BRH:2
end_of_record
TN:
SF:app/codeCharta/state/store/appSettings/invertColorRange/invertColorRange.splitter.ts
FN:3,splitInvertColorRangeAction
FNF:1
FNH:1
FNDA:37,splitInvertColorRangeAction
DA:1,152
DA:4,37
LF:2
LH:2
BRF:0
BRH:0
end_of_record
TN:
SF:app/codeCharta/state/store/appSettings/invertDeltaColors/invertDeltaColors.actions.ts
FN:3,(anonymous_0)
FN:14,setInvertDeltaColors
FNF:2
FNH:2
FNDA:153,(anonymous_0)
FNDA:1534,setInvertDeltaColors
DA:3,153
DA:4,153
DA:15,1534
DA:21,153
LF:4
LH:4
BRDA:3,0,0,153
BRDA:3,0,1,153
BRDA:14,1,0,1489
BRF:3
BRH:3
end_of_record
TN:
SF:app/codeCharta/state/store/appSettings/invertDeltaColors/invertDeltaColors.reducer.ts
FN:3,invertDeltaColors
FNF:1
FNH:1
FNDA:4646,invertDeltaColors
DA:1,152
DA:4,4646
DA:6,47
DA:8,4599
LF:4
LH:4
BRDA:3,0,0,1488
BRDA:5,1,0,47
BRDA:5,1,1,4599
BRF:3
BRH:3
end_of_record
TN:
SF:app/codeCharta/state/store/appSettings/invertDeltaColors/invertDeltaColors.service.ts
FN:13,(anonymous_0)
FN:17,(anonymous_1)
FN:23,(anonymous_2)
FN:27,(anonymous_3)
FN:33,(anonymous_4)
FN:34,(anonymous_5)
FNF:6
FNH:5
FNDA:17,(anonymous_0)
FNDA:517,(anonymous_1)
FNDA:17,(anonymous_2)
FNDA:17,(anonymous_3)
FNDA:6,(anonymous_4)
FNDA:0,(anonymous_5)
DA:1,115
DA:3,115
DA:4,115
DA:11,115
DA:13,17
DA:14,17
DA:18,517
DA:19,17
DA:24,17
DA:28,17
DA:34,6
DA:35,0
LF:12
LH:11
BRDA:18,0,0,17
BRDA:18,0,1,500
BRF:2
BRH:2
end_of_record
TN:
SF:app/codeCharta/state/store/appSettings/invertDeltaColors/invertDeltaColors.splitter.ts
FN:3,splitInvertDeltaColorsAction
FNF:1
FNH:1
FNDA:35,splitInvertDeltaColorsAction
DA:1,152
DA:4,35
LF:2
LH:2
BRF:0
BRH:0
end_of_record
TN:
SF:app/codeCharta/state/store/appSettings/invertHeight/invertHeight.actions.ts
FN:3,(anonymous_0)
FN:14,setInvertHeight
FNF:2
FNH:2
FNDA:153,(anonymous_0)
FNDA:1526,setInvertHeight
DA:3,153
DA:4,153
DA:15,1526
DA:21,153
LF:4
LH:4
BRDA:3,0,0,153
BRDA:3,0,1,153
BRDA:14,1,0,1489
BRF:3
BRH:3
end_of_record
TN:
SF:app/codeCharta/state/store/appSettings/invertHeight/invertHeight.reducer.ts
FN:3,invertHeight
FNF:1
FNH:1
FNDA:4646,invertHeight
DA:1,152
DA:4,4646
DA:6,39
DA:8,4607
LF:4
LH:4
BRDA:3,0,0,1488
BRDA:5,1,0,39
BRDA:5,1,1,4607
BRF:3
BRH:3
end_of_record
TN:
SF:app/codeCharta/state/store/appSettings/invertHeight/invertHeight.service.ts
FN:13,(anonymous_0)
FN:17,(anonymous_1)
FN:23,(anonymous_2)
FN:27,(anonymous_3)
FN:31,(anonymous_4)
FN:32,(anonymous_5)
FNF:6
FNH:5
FNDA:17,(anonymous_0)
FNDA:517,(anonymous_1)
FNDA:17,(anonymous_2)
FNDA:17,(anonymous_3)
FNDA:5,(anonymous_4)
FNDA:0,(anonymous_5)
DA:1,115
DA:3,115
DA:4,115
DA:11,115
DA:13,17
DA:14,17
DA:18,517
DA:19,17
DA:24,17
DA:28,17
DA:32,5
DA:33,0
LF:12
LH:11
BRDA:18,0,0,17
BRDA:18,0,1,500
BRF:2
BRH:2
end_of_record
TN:
SF:app/codeCharta/state/store/appSettings/invertHeight/invertHeight.splitter.ts
FN:3,splitInvertHeightAction
FNF:1
FNH:1
FNDA:35,splitInvertHeightAction
DA:1,152
DA:4,35
LF:2
LH:2
BRF:0
BRH:0
end_of_record
TN:
SF:app/codeCharta/state/store/appSettings/isAttributeSideBarVisible/isAttributeSideBarVisible.actions.ts
FN:3,(anonymous_0)
FN:24,setIsAttributeSideBarVisible
FN:33,openAttributeSideBar
FN:39,closeAttributeSideBar
FNF:4
FNH:4
FNDA:153,(anonymous_0)
FNDA:1525,setIsAttributeSideBarVisible
FNDA:4,openAttributeSideBar
FNDA:4,closeAttributeSideBar
DA:3,153
DA:4,153
DA:5,153
DA:6,153
DA:27,1525
DA:34,4
DA:40,4
DA:45,153
LF:8
LH:8
BRDA:3,0,0,153
BRDA:3,0,1,153
BRDA:25,1,0,1489
BRF:3
BRH:3
end_of_record
TN:
SF:app/codeCharta/state/store/appSettings/isAttributeSideBarVisible/isAttributeSideBarVisible.reducer.ts
FN:7,isAttributeSideBarVisible
FNF:1
FNH:1
FNDA:4648,isAttributeSideBarVisible
DA:1,152
DA:8,4648
DA:10,4
DA:12,4
DA:14,38
DA:16,4602
LF:6
LH:6
BRDA:7,0,0,1488
BRDA:9,1,0,4
BRDA:9,1,1,4
BRDA:9,1,2,38
BRDA:9,1,3,4602
BRF:5
BRH:5
end_of_record
TN:
SF:app/codeCharta/state/store/appSettings/isAttributeSideBarVisible/isAttributeSideBarVisible.service.ts
FN:19,(anonymous_0)
FN:25,(anonymous_1)
FN:29,(anonymous_2)
FN:33,(anonymous_3)
FN:39,(anonymous_4)
FN:43,(anonymous_5)
FN:49,(anonymous_6)
FN:50,(anonymous_7)
FNF:8
FNH:7
FNDA:23,(anonymous_0)
FNDA:1,(anonymous_1)
FNDA:1,(anonymous_2)
FNDA:517,(anonymous_3)
FNDA:17,(anonymous_4)
FNDA:17,(anonymous_5)
FNDA:23,(anonymous_6)
FNDA:0,(anonymous_7)
DA:1,115
DA:3,115
DA:4,115
DA:5,115
DA:17,115
DA:19,23
DA:20,23
DA:21,23
DA:22,23
DA:26,1
DA:30,1
DA:34,517
DA:35,17
DA:40,17
DA:44,17
DA:50,23
DA:51,0
LF:17
LH:16
BRDA:34,0,0,17
BRDA:34,0,1,500
BRF:2
BRH:2
end_of_record
TN:
SF:app/codeCharta/state/store/appSettings/isAttributeSideBarVisible/isAttributeSideBarVisible.splitter.ts
FN:3,splitIsAttributeSideBarVisibleAction
FNF:1
FNH:1
FNDA:35,splitIsAttributeSideBarVisibleAction
DA:1,152
DA:4,35
LF:2
LH:2
BRF:0
BRH:0
end_of_record
TN:
SF:app/codeCharta/state/store/appSettings/isLoadingFile/isLoadingFile.actions.ts
FN:3,(anonymous_0)
FN:14,setIsLoadingFile
FNF:2
FNH:2
FNDA:154,(anonymous_0)
FNDA:1550,setIsLoadingFile
DA:3,154
DA:4,154
DA:15,1550
DA:21,154
LF:4
LH:4
BRDA:3,0,0,154
BRDA:3,0,1,154
BRDA:14,1,0,1489
BRF:3
BRH:3
end_of_record
TN:
SF:app/codeCharta/state/store/appSettings/isLoadingFile/isLoadingFile.reducer.ts
FN:3,isLoadingFile
FNF:1
FNH:1
FNDA:4646,isLoadingFile
DA:1,152
DA:4,4646
DA:6,63
DA:8,4583
LF:4
LH:4
BRDA:3,0,0,1488
BRDA:5,1,0,63
BRDA:5,1,1,4583
BRF:3
BRH:3
end_of_record
TN:
SF:app/codeCharta/state/store/appSettings/isLoadingFile/isLoadingFile.service.ts
FN:13,(anonymous_0)
FN:17,(anonymous_1)
FN:23,(anonymous_2)
FN:27,(anonymous_3)
FN:31,(anonymous_4)
FN:32,(anonymous_5)
FNF:6
FNH:5
FNDA:17,(anonymous_0)
FNDA:517,(anonymous_1)
FNDA:32,(anonymous_2)
FNDA:32,(anonymous_3)
FNDA:2,(anonymous_4)
FNDA:0,(anonymous_5)
DA:1,115
DA:3,115
DA:4,115
DA:11,115
DA:13,17
DA:14,17
DA:18,517
DA:19,32
DA:24,32
DA:28,32
DA:32,2
DA:33,0
LF:12
LH:11
BRDA:18,0,0,32
BRDA:18,0,1,485
BRF:2
BRH:2
end_of_record
TN:
SF:app/codeCharta/state/store/appSettings/isLoadingFile/isLoadingFile.splitter.ts
FN:3,splitIsLoadingFileAction
FNF:1
FNH:1
FNDA:35,splitIsLoadingFileAction
DA:1,152
DA:4,35
LF:2
LH:2
BRF:0
BRH:0
end_of_record
TN:
SF:app/codeCharta/state/store/appSettings/isLoadingMap/isLoadingMap.actions.ts
FN:3,(anonymous_0)
FN:14,setIsLoadingMap
FNF:2
FNH:2
FNDA:153,(anonymous_0)
FNDA:2322,setIsLoadingMap
DA:3,153
DA:4,153
DA:15,2322
DA:21,153
LF:4
LH:4
BRDA:3,0,0,153
BRDA:3,0,1,153
BRDA:14,1,0,1489
BRF:3
BRH:3
end_of_record
TN:
SF:app/codeCharta/state/store/appSettings/isLoadingMap/isLoadingMap.reducer.ts
FN:3,isLoadingMap
FNF:1
FNH:1
FNDA:4646,isLoadingMap
DA:1,152
DA:4,4646
DA:6,835
DA:8,3811
LF:4
LH:4
BRDA:3,0,0,1488
BRDA:5,1,0,835
BRDA:5,1,1,3811
BRF:3
BRH:3
end_of_record
TN:
SF:app/codeCharta/state/store/appSettings/isLoadingMap/isLoadingMap.service.ts
FN:13,(anonymous_0)
FN:17,(anonymous_1)
FN:23,(anonymous_2)
FN:27,(anonymous_3)
FN:31,(anonymous_4)
FN:32,(anonymous_5)
FNF:6
FNH:5
FNDA:17,(anonymous_0)
FNDA:517,(anonymous_1)
FNDA:51,(anonymous_2)
FNDA:51,(anonymous_3)
FNDA:1,(anonymous_4)
FNDA:0,(anonymous_5)
DA:1,115
DA:3,115
DA:4,115
DA:11,115
DA:13,17
DA:14,17
DA:18,517
DA:19,51
DA:24,51
DA:28,51
DA:32,1
DA:33,0
LF:12
LH:11
BRDA:18,0,0,51
BRDA:18,0,1,466
BRF:2
BRH:2
end_of_record
TN:
SF:app/codeCharta/state/store/appSettings/isLoadingMap/isLoadingMap.splitter.ts
FN:3,splitIsLoadingMapAction
FNF:1
FNH:1
FNDA:35,splitIsLoadingMapAction
DA:1,152
DA:4,35
LF:2
LH:2
BRF:0
BRH:0
end_of_record
TN:
SF:app/codeCharta/state/store/appSettings/isPresentationMode/isPresentationMode.actions.ts
FN:3,(anonymous_0)
FN:14,setPresentationMode
FNF:2
FNH:2
FNDA:153,(anonymous_0)
FNDA:1529,setPresentationMode
DA:3,153
DA:4,153
DA:15,1529
DA:21,153
LF:4
LH:4
BRDA:3,0,0,153
BRDA:3,0,1,153
BRDA:14,1,0,1489
BRF:3
BRH:3
end_of_record
TN:
SF:app/codeCharta/state/store/appSettings/isPresentationMode/isPresentationMode.reducer.ts
FN:3,isPresentationMode
FNF:1
FNH:1
FNDA:4646,isPresentationMode
DA:1,152
DA:4,4646
DA:6,42
DA:8,4604
LF:4
LH:4
BRDA:3,0,0,1488
BRDA:5,1,0,42
BRDA:5,1,1,4604
BRF:3
BRH:3
end_of_record
TN:
SF:app/codeCharta/state/store/appSettings/isPresentationMode/isPresentationMode.service.ts
FN:13,(anonymous_0)
FN:17,(anonymous_1)
FN:23,(anonymous_2)
FN:27,(anonymous_3)
FN:33,(anonymous_4)
FN:34,(anonymous_5)
FNF:6
FNH:5
FNDA:17,(anonymous_0)
FNDA:517,(anonymous_1)
FNDA:17,(anonymous_2)
FNDA:17,(anonymous_3)
FNDA:1,(anonymous_4)
FNDA:0,(anonymous_5)
DA:1,115
DA:3,115
DA:4,115
DA:11,115
DA:13,17
DA:14,17
DA:18,517
DA:19,17
DA:24,17
DA:28,17
DA:34,1
DA:35,0
LF:12
LH:11
BRDA:18,0,0,17
BRDA:18,0,1,500
BRF:2
BRH:2
end_of_record
TN:
SF:app/codeCharta/state/store/appSettings/isPresentationMode/isPresentationMode.splitter.ts
FN:3,splitIsPresentationModeAction
FNF:1
FNH:1
FNDA:35,splitIsPresentationModeAction
DA:1,152
DA:4,35
LF:2
LH:2
BRF:0
BRH:0
end_of_record
TN:
SF:app/codeCharta/state/store/appSettings/isWhiteBackground/isWhiteBackground.actions.ts
FN:3,(anonymous_0)
FN:14,setIsWhiteBackground
FNF:2
FNH:2
FNDA:153,(anonymous_0)
FNDA:1531,setIsWhiteBackground
DA:3,153
DA:4,153
DA:15,1531
DA:21,153
LF:4
LH:4
BRDA:3,0,0,153
BRDA:3,0,1,153
BRDA:14,1,0,1489
BRF:3
BRH:3
end_of_record
TN:
SF:app/codeCharta/state/store/appSettings/isWhiteBackground/isWhiteBackground.reducer.ts
FN:3,isWhiteBackground
FNF:1
FNH:1
FNDA:4646,isWhiteBackground
DA:1,152
DA:4,4646
DA:6,44
DA:8,4602
LF:4
LH:4
BRDA:3,0,0,1488
BRDA:5,1,0,44
BRDA:5,1,1,4602
BRF:3
BRH:3
end_of_record
TN:
SF:app/codeCharta/state/store/appSettings/isWhiteBackground/isWhiteBackground.service.ts
FN:13,(anonymous_0)
FN:17,(anonymous_1)
FN:23,(anonymous_2)
FN:27,(anonymous_3)
FN:33,(anonymous_4)
FN:34,(anonymous_5)
FNF:6
FNH:5
FNDA:17,(anonymous_0)
FNDA:517,(anonymous_1)
FNDA:21,(anonymous_2)
FNDA:21,(anonymous_3)
FNDA:3,(anonymous_4)
FNDA:0,(anonymous_5)
DA:1,115
DA:3,115
DA:4,115
DA:11,115
DA:13,17
DA:14,17
DA:18,517
DA:19,21
DA:24,21
DA:28,21
DA:34,3
DA:35,0
LF:12
LH:11
BRDA:18,0,0,21
BRDA:18,0,1,496
BRF:2
BRH:2
end_of_record
TN:
SF:app/codeCharta/state/store/appSettings/isWhiteBackground/isWhiteBackground.splitter.ts
FN:3,splitIsWhiteBackgroundAction
FNF:1
FNH:1
FNDA:35,splitIsWhiteBackgroundAction
DA:1,152
DA:4,35
LF:2
LH:2
BRF:0
BRH:0
end_of_record
TN:
SF:app/codeCharta/state/store/appSettings/layoutAlgorithm/layoutAlgorithm.actions.ts
FN:3,(anonymous_0)
FN:14,setLayoutAlgorithm
FNF:2
FNH:2
FNDA:153,(anonymous_0)
FNDA:1527,setLayoutAlgorithm
DA:1,153
DA:3,153
DA:4,153
DA:15,1527
DA:21,153
LF:5
LH:5
BRDA:3,0,0,153
BRDA:3,0,1,153
BRDA:14,1,0,1489
BRF:3
BRH:3
end_of_record
TN:
SF:app/codeCharta/state/store/appSettings/layoutAlgorithm/layoutAlgorithm.reducer.ts
FN:4,layoutAlgorithm
FNF:1
FNH:1
FNDA:4646,layoutAlgorithm
DA:1,152
DA:5,4646
DA:7,40
DA:9,4606
LF:4
LH:4
BRDA:4,0,0,1488
BRDA:6,1,0,40
BRDA:6,1,1,4606
BRF:3
BRH:3
end_of_record
TN:
SF:app/codeCharta/state/store/appSettings/layoutAlgorithm/layoutAlgorithm.service.ts
FN:14,(anonymous_0)
FN:18,(anonymous_1)
FN:24,(anonymous_2)
FN:28,(anonymous_3)
FN:32,(anonymous_4)
FN:33,(anonymous_5)
FNF:6
FNH:6
FNDA:17,(anonymous_0)
FNDA:517,(anonymous_1)
FNDA:18,(anonymous_2)
FNDA:18,(anonymous_3)
FNDA:296,(anonymous_4)
FNDA:17,(anonymous_5)
DA:1,115
DA:3,115
DA:5,115
DA:12,115
DA:14,17
DA:15,17
DA:19,517
DA:20,18
DA:25,18
DA:29,18
DA:33,296
DA:34,17
LF:12
LH:12
BRDA:19,0,0,18
BRDA:19,0,1,499
BRF:2
BRH:2
end_of_record
TN:
SF:app/codeCharta/state/store/appSettings/layoutAlgorithm/layoutAlgorithm.splitter.ts
FN:4,splitLayoutAlgorithmAction
FNF:1
FNH:1
FNDA:35,splitLayoutAlgorithmAction
DA:1,152
DA:5,35
LF:2
LH:2
BRF:0
BRH:0
end_of_record
TN:
SF:app/codeCharta/state/store/appSettings/mapColors/mapColors.actions.ts
FN:3,(anonymous_0)
FN:14,setMapColors
FNF:2
FNH:2
FNDA:153,(anonymous_0)
FNDA:1531,setMapColors
DA:3,153
DA:4,153
DA:15,1531
DA:21,153
LF:4
LH:4
BRDA:3,0,0,153
BRDA:3,0,1,153
BRDA:14,1,0,1489
BRF:3
BRH:3
end_of_record
TN:
SF:app/codeCharta/state/store/appSettings/mapColors/mapColors.reducer.ts
FN:3,mapColors
FNF:1
FNH:1
FNDA:4647,mapColors
DA:1,152
DA:4,4647
DA:6,44
DA:8,4603
LF:4
LH:4
BRDA:3,0,0,1488
BRDA:5,1,0,44
BRDA:5,1,1,4603
BRF:3
BRH:3
end_of_record
TN:
SF:app/codeCharta/state/store/appSettings/mapColors/mapColors.service.ts
FN:14,(anonymous_0)
FN:18,(anonymous_1)
FN:24,(anonymous_2)
FN:28,(anonymous_3)
FN:32,(anonymous_4)
FN:33,(anonymous_5)
FNF:6
FNH:6
FNDA:17,(anonymous_0)
FNDA:517,(anonymous_1)
FNDA:17,(anonymous_2)
FNDA:17,(anonymous_3)
FNDA:454,(anonymous_4)
FNDA:16,(anonymous_5)
DA:1,115
DA:3,115
DA:5,115
DA:12,115
DA:14,17
DA:15,17
DA:19,517
DA:20,17
DA:25,17
DA:29,17
DA:33,454
DA:34,16
LF:12
LH:12
BRDA:19,0,0,17
BRDA:19,0,1,500
BRF:2
BRH:2
end_of_record
TN:
SF:app/codeCharta/state/store/appSettings/mapColors/mapColors.splitter.ts
FN:4,splitMapColorsAction
FNF:1
FNH:1
FNDA:35,splitMapColorsAction
DA:1,152
DA:5,35
LF:2
LH:2
BRF:0
BRH:0
end_of_record
TN:
SF:app/codeCharta/state/store/appSettings/maxTreeMapFiles/maxTreeMapFiles.actions.ts
FN:3,(anonymous_0)
FN:14,setMaxTreeMapFiles
FNF:2
FNH:2
FNDA:153,(anonymous_0)
FNDA:1529,setMaxTreeMapFiles
DA:3,153
DA:4,153
DA:15,1529
DA:21,153
LF:4
LH:4
BRDA:3,0,0,153
BRDA:3,0,1,153
BRDA:14,1,0,1489
BRF:3
BRH:3
end_of_record
TN:
SF:app/codeCharta/state/store/appSettings/maxTreeMapFiles/maxTreeMapFiles.reducer.ts
FN:3,maxTreeMapFiles
FNF:1
FNH:1
FNDA:4646,maxTreeMapFiles
DA:1,152
DA:4,4646
DA:6,42
DA:8,4604
LF:4
LH:4
BRDA:3,0,0,1488
BRDA:5,1,0,42
BRDA:5,1,1,4604
BRF:3
BRH:3
end_of_record
TN:
SF:app/codeCharta/state/store/appSettings/maxTreeMapFiles/maxTreeMapFiles.service.ts
FN:13,(anonymous_0)
FN:17,(anonymous_1)
FN:23,(anonymous_2)
FN:27,(anonymous_3)
FN:31,(anonymous_4)
FN:32,(anonymous_5)
FNF:6
FNH:5
FNDA:17,(anonymous_0)
FNDA:517,(anonymous_1)
FNDA:21,(anonymous_2)
FNDA:21,(anonymous_3)
FNDA:24,(anonymous_4)
FNDA:0,(anonymous_5)
DA:1,115
DA:3,115
DA:4,115
DA:11,115
DA:13,17
DA:14,17
DA:18,517
DA:19,21
DA:24,21
DA:28,21
DA:32,24
DA:33,0
LF:12
LH:11
BRDA:18,0,0,21
BRDA:18,0,1,496
BRF:2
BRH:2
end_of_record
TN:
SF:app/codeCharta/state/store/appSettings/maxTreeMapFiles/maxTreeMapFiles.splitter.ts
FN:3,splitMaxTreeMapFilesAction
FNF:1
FNH:1
FNDA:35,splitMaxTreeMapFilesAction
DA:1,152
DA:4,35
LF:2
LH:2
BRF:0
BRH:0
end_of_record
TN:
SF:app/codeCharta/state/store/appSettings/panelSelection/panelSelection.actions.ts
FN:4,(anonymous_0)
FN:15,setPanelSelection
FNF:2
FNH:2
FNDA:153,(anonymous_0)
FNDA:1539,setPanelSelection
DA:2,153
DA:4,153
DA:5,153
DA:16,1539
DA:22,153
LF:5
LH:5
BRDA:4,0,0,153
BRDA:4,0,1,153
BRDA:15,1,0,1489
BRF:3
BRH:3
end_of_record
TN:
SF:app/codeCharta/state/store/appSettings/panelSelection/panelSelection.reducer.ts
FN:3,panelSelection
FNF:1
FNH:1
FNDA:4646,panelSelection
DA:1,152
DA:4,4646
DA:6,52
DA:8,4594
LF:4
LH:4
BRDA:3,0,0,1488
BRDA:5,1,0,52
BRDA:5,1,1,4594
BRF:3
BRH:3
end_of_record
TN:
SF:app/codeCharta/state/store/appSettings/panelSelection/panelSelection.service.ts
FN:14,(anonymous_0)
FN:18,(anonymous_1)
FN:24,(anonymous_2)
FN:28,(anonymous_3)
FN:32,(anonymous_4)
FN:33,(anonymous_5)
FNF:6
FNH:5
FNDA:17,(anonymous_0)
FNDA:517,(anonymous_1)
FNDA:17,(anonymous_2)
FNDA:17,(anonymous_3)
FNDA:1,(anonymous_4)
FNDA:0,(anonymous_5)
DA:1,115
DA:3,115
DA:4,115
DA:12,115
DA:14,17
DA:15,17
DA:19,517
DA:20,17
DA:25,17
DA:29,17
DA:33,1
DA:34,0
LF:12
LH:11
BRDA:19,0,0,17
BRDA:19,0,1,500
BRF:2
BRH:2
end_of_record
TN:
SF:app/codeCharta/state/store/appSettings/panelSelection/panelSelection.splitter.ts
FN:4,splitPanelSelectionAction
FNF:1
FNH:1
FNDA:35,splitPanelSelectionAction
DA:1,152
DA:5,35
LF:2
LH:2
BRF:0
BRH:0
end_of_record
TN:
SF:app/codeCharta/state/store/appSettings/resetCameraIfNewFileIsLoaded/resetCameraIfNewFileIsLoaded.actions.ts
FN:3,(anonymous_0)
FN:14,setResetCameraIfNewFileIsLoaded
FNF:2
FNH:2
FNDA:153,(anonymous_0)
FNDA:1530,setResetCameraIfNewFileIsLoaded
DA:3,153
DA:4,153
DA:17,1530
DA:23,153
LF:4
LH:4
BRDA:3,0,0,153
BRDA:3,0,1,153
BRDA:15,1,0,1489
BRF:3
BRH:3
end_of_record
TN:
SF:app/codeCharta/state/store/appSettings/resetCameraIfNewFileIsLoaded/resetCameraIfNewFileIsLoaded.reducer.ts
FN:7,resetCameraIfNewFileIsLoaded
FNF:1
FNH:1
FNDA:4646,resetCameraIfNewFileIsLoaded
DA:1,152
DA:11,4646
DA:13,43
DA:15,4603
LF:4
LH:4
BRDA:8,0,0,1488
BRDA:12,1,0,43
BRDA:12,1,1,4603
BRF:3
BRH:3
end_of_record
TN:
SF:app/codeCharta/state/store/appSettings/resetCameraIfNewFileIsLoaded/resetCameraIfNewFileIsLoaded.service.ts
FN:13,(anonymous_0)
FN:17,(anonymous_1)
FN:23,(anonymous_2)
FN:27,(anonymous_3)
FN:33,(anonymous_4)
FN:34,(anonymous_5)
FNF:6
FNH:5
FNDA:17,(anonymous_0)
FNDA:517,(anonymous_1)
FNDA:18,(anonymous_2)
FNDA:18,(anonymous_3)
FNDA:5,(anonymous_4)
FNDA:0,(anonymous_5)
DA:1,115
DA:3,115
DA:4,115
DA:11,115
DA:13,17
DA:14,17
DA:18,517
DA:19,18
DA:24,18
DA:28,18
DA:34,5
DA:35,0
LF:12
LH:11
BRDA:18,0,0,18
BRDA:18,0,1,499
BRF:2
BRH:2
end_of_record
TN:
SF:app/codeCharta/state/store/appSettings/resetCameraIfNewFileIsLoaded/resetCameraIfNewFileIsLoaded.splitter.ts
FN:3,splitResetCameraIfNewFileIsLoadedAction
FNF:1
FNH:1
FNDA:35,splitResetCameraIfNewFileIsLoadedAction
DA:1,152
DA:4,35
LF:2
LH:2
BRF:0
BRH:0
end_of_record
TN:
SF:app/codeCharta/state/store/appSettings/scaling/scaling.actions.ts
FN:4,(anonymous_0)
FN:15,setScaling
FNF:2
FNH:2
FNDA:154,(anonymous_0)
FNDA:1537,setScaling
DA:1,154
DA:4,154
DA:5,154
DA:16,1537
DA:22,154
LF:5
LH:5
BRDA:4,0,0,154
BRDA:4,0,1,154
BRDA:15,1,0,1489
BRF:3
BRH:3
end_of_record
TN:
SF:app/codeCharta/state/store/appSettings/scaling/scaling.reducer.ts
FN:4,scaling
FNF:1
FNH:1
FNDA:4646,scaling
DA:1,152
DA:2,152
DA:5,4646
DA:7,49
DA:9,4597
LF:5
LH:5
BRDA:4,0,0,1488
BRDA:6,1,0,49
BRDA:6,1,1,4597
BRF:3
BRH:3
end_of_record
TN:
SF:app/codeCharta/state/store/appSettings/scaling/scaling.service.ts
FN:14,(anonymous_0)
FN:18,(anonymous_1)
FN:24,(anonymous_2)
FN:28,(anonymous_3)
FN:32,(anonymous_4)
FN:33,(anonymous_5)
FNF:6
FNH:6
FNDA:17,(anonymous_0)
FNDA:517,(anonymous_1)
FNDA:17,(anonymous_2)
FNDA:17,(anonymous_3)
FNDA:200,(anonymous_4)
FNDA:16,(anonymous_5)
DA:1,115
DA:3,115
DA:5,115
DA:12,115
DA:14,17
DA:15,17
DA:19,517
DA:20,17
DA:25,17
DA:29,17
DA:33,200
DA:34,16
LF:12
LH:12
BRDA:19,0,0,17
BRDA:19,0,1,500
BRF:2
BRH:2
end_of_record
TN:
SF:app/codeCharta/state/store/appSettings/scaling/scaling.splitter.ts
FN:4,splitScalingAction
FNF:1
FNH:1
FNDA:37,splitScalingAction
DA:1,152
DA:5,37
LF:2
LH:2
BRF:0
BRH:0
end_of_record
TN:
SF:app/codeCharta/state/store/appSettings/searchPanelMode/searchPanelMode.actions.ts
FN:4,(anonymous_0)
FN:15,setSearchPanelMode
FNF:2
FNH:2
FNDA:153,(anonymous_0)
FNDA:1539,setSearchPanelMode
DA:2,153
DA:4,153
DA:5,153
DA:16,1539
DA:22,153
LF:5
LH:5
BRDA:4,0,0,153
BRDA:4,0,1,153
BRDA:15,1,0,1489
BRF:3
BRH:3
end_of_record
TN:
SF:app/codeCharta/state/store/appSettings/searchPanelMode/searchPanelMode.reducer.ts
FN:3,searchPanelMode
FNF:1
FNH:1
FNDA:4646,searchPanelMode
DA:1,152
DA:4,4646
DA:6,52
DA:8,4594
LF:4
LH:4
BRDA:3,0,0,1488
BRDA:5,1,0,52
BRDA:5,1,1,4594
BRF:3
BRH:3
end_of_record
TN:
SF:app/codeCharta/state/store/appSettings/searchPanelMode/searchPanelMode.service.ts
FN:14,(anonymous_0)
FN:18,(anonymous_1)
FN:24,(anonymous_2)
FN:28,(anonymous_3)
FN:34,(anonymous_4)
FN:35,(anonymous_5)
FNF:6
FNH:5
FNDA:17,(anonymous_0)
FNDA:517,(anonymous_1)
FNDA:17,(anonymous_2)
FNDA:17,(anonymous_3)
FNDA:13,(anonymous_4)
FNDA:0,(anonymous_5)
DA:1,115
DA:3,115
DA:5,115
DA:12,115
DA:14,17
DA:15,17
DA:19,517
DA:20,17
DA:25,17
DA:29,17
DA:35,13
DA:36,0
LF:12
LH:11
BRDA:19,0,0,17
BRDA:19,0,1,500
BRF:2
BRH:2
end_of_record
TN:
SF:app/codeCharta/state/store/appSettings/searchPanelMode/searchPanelMode.splitter.ts
FN:4,splitSearchPanelModeAction
FNF:1
FNH:1
FNDA:35,splitSearchPanelModeAction
DA:1,152
DA:5,35
LF:2
LH:2
BRF:0
BRH:0
end_of_record
TN:
SF:app/codeCharta/state/store/appSettings/showMetricLabelNameValue/labelShowNodeNameService.ts
FN:13,(anonymous_0)
FN:17,(anonymous_1)
FN:23,(anonymous_2)
FN:27,(anonymous_3)
FN:33,(anonymous_4)
FN:34,(anonymous_5)
FNF:6
FNH:5
FNDA:17,(anonymous_0)
FNDA:517,(anonymous_1)
FNDA:17,(anonymous_2)
FNDA:17,(anonymous_3)
FNDA:9,(anonymous_4)
FNDA:0,(anonymous_5)
DA:1,115
DA:3,115
DA:4,115
DA:11,115
DA:13,17
DA:14,17
DA:18,517
DA:19,17
DA:24,17
DA:28,17
DA:34,9
DA:35,0
LF:12
LH:11
BRDA:18,0,0,17
BRDA:18,0,1,500
BRF:2
BRH:2
end_of_record
TN:
SF:app/codeCharta/state/store/appSettings/showMetricLabelNameValue/showMetricLabelNameValue.actions.ts
FN:3,(anonymous_0)
FN:14,setShowMetricLabelNameValue
FNF:2
FNH:2
FNDA:153,(anonymous_0)
FNDA:1527,setShowMetricLabelNameValue
DA:3,153
DA:4,153
DA:17,1527
DA:23,153
LF:4
LH:4
BRDA:3,0,0,153
BRDA:3,0,1,153
BRDA:15,1,0,1489
BRF:3
BRH:3
end_of_record
TN:
SF:app/codeCharta/state/store/appSettings/showMetricLabelNameValue/showMetricLabelNameValue.reducer.ts
FN:7,showMetricLabelNameValue
FNF:1
FNH:1
FNDA:4646,showMetricLabelNameValue
DA:1,152
DA:8,4646
DA:10,40
DA:12,4606
LF:4
LH:4
BRDA:7,0,0,1488
BRDA:9,1,0,40
BRDA:9,1,1,4606
BRF:3
BRH:3
end_of_record
TN:
SF:app/codeCharta/state/store/appSettings/showMetricLabelNameValue/showMetricLabelNameValue.splitter.ts
FN:3,splitShowMetricLabelNameValueAction
FNF:1
FNH:1
FNDA:35,splitShowMetricLabelNameValueAction
DA:1,152
DA:4,35
LF:2
LH:2
BRF:0
BRH:0
end_of_record
TN:
SF:app/codeCharta/state/store/appSettings/showMetricLabelNodeName/labelShowMetricValueService.ts
FN:13,(anonymous_0)
FN:17,(anonymous_1)
FN:23,(anonymous_2)
FN:27,(anonymous_3)
FN:33,(anonymous_4)
FN:34,(anonymous_5)
FNF:6
FNH:5
FNDA:17,(anonymous_0)
FNDA:517,(anonymous_1)
FNDA:17,(anonymous_2)
FNDA:17,(anonymous_3)
FNDA:11,(anonymous_4)
FNDA:0,(anonymous_5)
DA:1,115
DA:3,115
DA:4,115
DA:11,115
DA:13,17
DA:14,17
DA:18,517
DA:19,17
DA:24,17
DA:28,17
DA:34,11
DA:35,0
LF:12
LH:11
BRDA:18,0,0,17
BRDA:18,0,1,500
BRF:2
BRH:2
end_of_record
TN:
SF:app/codeCharta/state/store/appSettings/showMetricLabelNodeName/showMetricLabelNodeName.actions.ts
FN:3,(anonymous_0)
FN:14,setShowMetricLabelNodeName
FNF:2
FNH:2
FNDA:153,(anonymous_0)
FNDA:1527,setShowMetricLabelNodeName
DA:3,153
DA:4,153
DA:17,1527
DA:23,153
LF:4
LH:4
BRDA:3,0,0,153
BRDA:3,0,1,153
BRDA:15,1,0,1489
BRF:3
BRH:3
end_of_record
TN:
SF:app/codeCharta/state/store/appSettings/showMetricLabelNodeName/showMetricLabelNodeName.reducer.ts
FN:7,showMetricLabelNodeName
FNF:1
FNH:1
FNDA:4646,showMetricLabelNodeName
DA:1,152
DA:8,4646
DA:10,40
DA:12,4606
LF:4
LH:4
BRDA:7,0,0,1488
BRDA:9,1,0,40
BRDA:9,1,1,4606
BRF:3
BRH:3
end_of_record
TN:
SF:app/codeCharta/state/store/appSettings/showMetricLabelNodeName/showMetricLabelNodeName.splitter.ts
FN:3,splitShowMetricLabelNodeNameAction
FNF:1
FNH:1
FNDA:35,splitShowMetricLabelNodeNameAction
DA:1,152
DA:4,35
LF:2
LH:2
BRF:0
BRH:0
end_of_record
TN:
SF:app/codeCharta/state/store/appSettings/showOnlyBuildingsWithEdges/showOnlyBuildingsWithEdges.actions.ts
FN:3,(anonymous_0)
FN:14,setShowOnlyBuildingsWithEdges
FNF:2
FNH:2
FNDA:153,(anonymous_0)
FNDA:1530,setShowOnlyBuildingsWithEdges
DA:3,153
DA:4,153
DA:17,1530
DA:23,153
LF:4
LH:4
BRDA:3,0,0,153
BRDA:3,0,1,153
BRDA:15,1,0,1489
BRF:3
BRH:3
end_of_record
TN:
SF:app/codeCharta/state/store/appSettings/showOnlyBuildingsWithEdges/showOnlyBuildingsWithEdges.reducer.ts
FN:7,showOnlyBuildingsWithEdges
FNF:1
FNH:1
FNDA:4646,showOnlyBuildingsWithEdges
DA:1,152
DA:8,4646
DA:10,43
DA:12,4603
LF:4
LH:4
BRDA:7,0,0,1488
BRDA:9,1,0,43
BRDA:9,1,1,4603
BRF:3
BRH:3
end_of_record
TN:
SF:app/codeCharta/state/store/appSettings/showOnlyBuildingsWithEdges/showOnlyBuildingsWithEdges.service.ts
FN:13,(anonymous_0)
FN:17,(anonymous_1)
FN:23,(anonymous_2)
FN:27,(anonymous_3)
FN:33,(anonymous_4)
FN:34,(anonymous_5)
FNF:6
FNH:5
FNDA:17,(anonymous_0)
FNDA:517,(anonymous_1)
FNDA:17,(anonymous_2)
FNDA:17,(anonymous_3)
FNDA:5,(anonymous_4)
FNDA:0,(anonymous_5)
DA:1,115
DA:3,115
DA:4,115
DA:11,115
DA:13,17
DA:14,17
DA:18,517
DA:19,17
DA:24,17
DA:28,17
DA:34,5
DA:35,0
LF:12
LH:11
BRDA:18,0,0,17
BRDA:18,0,1,500
BRF:2
BRH:2
end_of_record
TN:
SF:app/codeCharta/state/store/appSettings/showOnlyBuildingsWithEdges/showOnlyBuildingsWithEdges.splitter.ts
FN:3,splitShowOnlyBuildingsWithEdgesAction
FNF:1
FNH:1
FNDA:35,splitShowOnlyBuildingsWithEdgesAction
DA:1,152
DA:4,35
LF:2
LH:2
BRF:0
BRH:0
end_of_record
TN:
SF:app/codeCharta/state/store/appSettings/sortingOrderAscending/sortingOrderAscending.actions.ts
FN:3,(anonymous_0)
FN:14,setSortingOrderAscending
FNF:2
FNH:2
FNDA:153,(anonymous_0)
FNDA:1526,setSortingOrderAscending
DA:3,153
DA:4,153
DA:15,1526
DA:21,153
LF:4
LH:4
BRDA:3,0,0,153
BRDA:3,0,1,153
BRDA:14,1,0,1489
BRF:3
BRH:3
end_of_record
TN:
SF:app/codeCharta/state/store/appSettings/sortingOrderAscending/sortingOrderAscending.reducer.ts
FN:3,sortingOrderAscending
FNF:1
FNH:1
FNDA:4646,sortingOrderAscending
DA:1,152
DA:4,4646
DA:6,39
DA:8,4607
LF:4
LH:4
BRDA:3,0,0,1488
BRDA:5,1,0,39
BRDA:5,1,1,4607
BRF:3
BRH:3
end_of_record
TN:
SF:app/codeCharta/state/store/appSettings/sortingOrderAscending/sortingOrderAscending.service.ts
FN:13,(anonymous_0)
FN:17,(anonymous_1)
FN:23,(anonymous_2)
FN:27,(anonymous_3)
FN:33,(anonymous_4)
FN:34,(anonymous_5)
FNF:6
FNH:5
FNDA:17,(anonymous_0)
FNDA:517,(anonymous_1)
FNDA:17,(anonymous_2)
FNDA:17,(anonymous_3)
FNDA:6,(anonymous_4)
FNDA:0,(anonymous_5)
DA:1,115
DA:3,115
DA:4,115
DA:11,115
DA:13,17
DA:14,17
DA:18,517
DA:19,17
DA:24,17
DA:28,17
DA:34,6
DA:35,0
LF:12
LH:11
BRDA:18,0,0,17
BRDA:18,0,1,500
BRF:2
BRH:2
end_of_record
TN:
SF:app/codeCharta/state/store/appSettings/sortingOrderAscending/sortingOrderAscending.splitter.ts
FN:3,splitSortingOrderAscendingAction
FNF:1
FNH:1
FNDA:35,splitSortingOrderAscendingAction
DA:1,152
DA:4,35
LF:2
LH:2
BRF:0
BRH:0
end_of_record
TN:
SF:app/codeCharta/state/store/appSettings/whiteColorBuildings/whiteColorBuildings.actions.ts
FN:3,(anonymous_0)
FN:14,setWhiteColorBuildings
FNF:2
FNH:2
FNDA:153,(anonymous_0)
FNDA:1526,setWhiteColorBuildings
DA:3,153
DA:4,153
DA:15,1526
DA:21,153
LF:4
LH:4
BRDA:3,0,0,153
BRDA:3,0,1,153
BRDA:14,1,0,1489
BRF:3
BRH:3
end_of_record
TN:
SF:app/codeCharta/state/store/appSettings/whiteColorBuildings/whiteColorBuildings.reducer.ts
FN:3,whiteColorBuildings
FNF:1
FNH:1
FNDA:4646,whiteColorBuildings
DA:1,152
DA:4,4646
DA:6,39
DA:8,4607
LF:4
LH:4
BRDA:3,0,0,1488
BRDA:5,1,0,39
BRDA:5,1,1,4607
BRF:3
BRH:3
end_of_record
TN:
SF:app/codeCharta/state/store/appSettings/whiteColorBuildings/whiteColorBuildings.service.ts
FN:13,(anonymous_0)
FN:17,(anonymous_1)
FN:23,(anonymous_2)
FN:27,(anonymous_3)
FN:33,(anonymous_4)
FN:34,(anonymous_5)
FNF:6
FNH:5
FNDA:17,(anonymous_0)
FNDA:517,(anonymous_1)
FNDA:17,(anonymous_2)
FNDA:17,(anonymous_3)
FNDA:7,(anonymous_4)
FNDA:0,(anonymous_5)
DA:1,115
DA:3,115
DA:4,115
DA:11,115
DA:13,17
DA:14,17
DA:18,517
DA:19,17
DA:24,17
DA:28,17
DA:34,7
DA:35,0
LF:12
LH:11
BRDA:18,0,0,17
BRDA:18,0,1,500
BRF:2
BRH:2
end_of_record
TN:
SF:app/codeCharta/state/store/appSettings/whiteColorBuildings/whiteColorBuildings.splitter.ts
FN:3,splitWhiteColorBuildingsAction
FNF:1
FNH:1
FNDA:35,splitWhiteColorBuildingsAction
DA:1,152
DA:4,35
LF:2
LH:2
BRF:0
BRH:0
end_of_record
TN:
SF:app/codeCharta/state/store/dynamicSettings/dynamicSettings.actions.ts
FN:16,(anonymous_0)
FN:27,setDynamicSettings
FNF:2
FNH:2
FNDA:152,(anonymous_0)
FNDA:15,setDynamicSettings
DA:4,152
DA:5,152
DA:6,152
DA:7,152
DA:8,152
DA:9,152
DA:10,152
DA:11,152
DA:12,152
DA:13,152
DA:14,152
DA:16,152
DA:17,152
DA:28,15
DA:34,152
LF:15
LH:15
BRDA:16,0,0,152
BRDA:16,0,1,152
BRDA:27,1,0,0
BRF:3
BRH:2
end_of_record
TN:
SF:app/codeCharta/state/store/dynamicSettings/dynamicSettings.reducer.ts
FNF:0
FNH:0
DA:2,151
DA:3,151
DA:4,151
DA:5,151
DA:6,151
DA:7,151
DA:8,151
DA:9,151
DA:10,151
DA:11,151
DA:12,151
DA:13,151
DA:15,151
DA:30,151
LF:14
LH:14
BRF:0
BRH:0
end_of_record
TN:
SF:app/codeCharta/state/store/dynamicSettings/dynamicSettings.splitter.ts
FN:16,splitDynamicSettingsActions
FNF:1
FNH:1
FNDA:37,splitDynamicSettingsActions
DA:4,152
DA:5,152
DA:6,152
DA:7,152
DA:8,152
DA:9,152
DA:10,152
DA:11,152
DA:12,152
DA:13,152
DA:14,152
DA:17,37
DA:20,37
DA:21,30
DA:24,37
DA:25,30
DA:28,37
DA:29,30
DA:32,37
DA:33,30
DA:36,37
DA:37,30
DA:40,37
DA:41,30
DA:44,37
DA:45,32
DA:48,37
DA:49,35
DA:52,37
DA:53,30
DA:56,37
DA:57,34
DA:60,37
DA:61,35
DA:64,37
LF:35
LH:35
BRDA:20,0,0,30
BRDA:20,0,1,7
BRDA:24,1,0,30
BRDA:24,1,1,7
BRDA:28,2,0,30
BRDA:28,2,1,7
BRDA:32,3,0,30
BRDA:32,3,1,7
BRDA:36,4,0,30
BRDA:36,4,1,7
BRDA:40,5,0,30
BRDA:40,5,1,7
BRDA:44,6,0,32
BRDA:44,6,1,5
BRDA:48,7,0,35
BRDA:48,7,1,2
BRDA:52,8,0,30
BRDA:52,8,1,7
BRDA:56,9,0,34
BRDA:56,9,1,3
BRDA:60,10,0,35
BRDA:60,10,1,2
BRF:22
BRH:22
end_of_record
TN:
SF:app/codeCharta/state/store/dynamicSettings/areaMetric/areaMetric.actions.ts
FN:3,(anonymous_0)
FN:14,setAreaMetric
FNF:2
FNH:2
FNDA:153,(anonymous_0)
FNDA:1531,setAreaMetric
DA:3,153
DA:4,153
DA:15,1531
DA:21,153
LF:4
LH:4
BRDA:3,0,0,153
BRDA:3,0,1,153
BRDA:14,1,0,1489
BRF:3
BRH:3
end_of_record
TN:
SF:app/codeCharta/state/store/dynamicSettings/areaMetric/areaMetric.reducer.ts
FN:3,areaMetric
FNF:1
FNH:1
FNDA:4646,areaMetric
DA:1,152
DA:4,4646
DA:6,42
DA:8,4604
LF:4
LH:4
BRDA:3,0,0,1488
BRDA:5,1,0,42
BRDA:5,1,1,4604
BRF:3
BRH:3
end_of_record
TN:
SF:app/codeCharta/state/store/dynamicSettings/areaMetric/areaMetric.service.ts
FN:16,(anonymous_0)
FN:21,(anonymous_1)
FN:27,(anonymous_2)
FN:33,(anonymous_3)
FN:42,(anonymous_4)
FN:46,(anonymous_5)
FN:50,(anonymous_6)
FN:51,(anonymous_7)
FNF:8
FNH:7
FNDA:22,(anonymous_0)
FNDA:517,(anonymous_1)
FNDA:3,(anonymous_2)
FNDA:2,(anonymous_3)
FNDA:1,(anonymous_4)
FNDA:1,(anonymous_5)
FNDA:22,(anonymous_6)
FNDA:0,(anonymous_7)
DA:1,115
DA:3,115
DA:5,115
DA:6,115
DA:7,115
DA:14,115
DA:16,22
DA:17,22
DA:18,22
DA:22,517
DA:23,1
DA:28,3
DA:29,2
DA:34,2
DA:36,2
DA:37,1
DA:38,1
DA:43,1
DA:47,1
DA:51,22
DA:52,0
LF:21
LH:20
BRDA:22,0,0,1
BRDA:22,0,1,516
BRDA:28,1,0,2
BRDA:28,1,1,1
BRDA:36,2,0,1
BRDA:36,2,1,1
BRF:6
BRH:6
end_of_record
TN:
SF:app/codeCharta/state/store/dynamicSettings/areaMetric/areaMetric.splitter.ts
FN:3,splitAreaMetricAction
FNF:1
FNH:1
FNDA:35,splitAreaMetricAction
DA:1,152
DA:4,35
LF:2
LH:2
BRF:0
BRH:0
end_of_record
TN:
SF:app/codeCharta/state/store/dynamicSettings/colorMetric/colorMetric.actions.ts
FN:3,(anonymous_0)
FN:14,setColorMetric
FNF:2
FNH:2
FNDA:153,(anonymous_0)
FNDA:1528,setColorMetric
DA:3,153
DA:4,153
DA:15,1528
DA:21,153
LF:4
LH:4
BRDA:3,0,0,153
BRDA:3,0,1,153
BRDA:14,1,0,1489
BRF:3
BRH:3
end_of_record
TN:
SF:app/codeCharta/state/store/dynamicSettings/colorMetric/colorMetric.reducer.ts
FN:3,colorMetric
FNF:1
FNH:1
FNDA:4646,colorMetric
DA:1,152
DA:4,4646
DA:6,40
DA:8,4606
LF:4
LH:4
BRDA:3,0,0,1488
BRDA:5,1,0,40
BRDA:5,1,1,4606
BRF:3
BRH:3
end_of_record
TN:
SF:app/codeCharta/state/store/dynamicSettings/colorMetric/colorMetric.service.ts
FN:16,(anonymous_0)
FN:21,(anonymous_1)
FN:27,(anonymous_2)
FN:33,(anonymous_3)
FN:42,(anonymous_4)
FN:46,(anonymous_5)
FN:50,(anonymous_6)
FN:51,(anonymous_7)
FNF:8
FNH:7
FNDA:23,(anonymous_0)
FNDA:517,(anonymous_1)
FNDA:4,(anonymous_2)
FNDA:3,(anonymous_3)
FNDA:1,(anonymous_4)
FNDA:1,(anonymous_5)
FNDA:37,(anonymous_6)
FNDA:0,(anonymous_7)
DA:1,115
DA:3,115
DA:5,115
DA:6,115
DA:7,115
DA:14,115
DA:16,23
DA:17,23
DA:18,23
DA:22,517
DA:23,1
DA:28,4
DA:29,3
DA:34,3
DA:36,3
DA:37,2
DA:38,2
DA:43,1
DA:47,1
DA:51,37
DA:52,0
LF:21
LH:20
BRDA:22,0,0,1
BRDA:22,0,1,516
BRDA:28,1,0,3
BRDA:28,1,1,1
BRDA:36,2,0,2
BRDA:36,2,1,1
BRF:6
BRH:6
end_of_record
TN:
SF:app/codeCharta/state/store/dynamicSettings/colorMetric/colorMetric.splitter.ts
FN:3,splitColorMetricAction
FNF:1
FNH:1
FNDA:34,splitColorMetricAction
DA:1,152
DA:4,34
LF:2
LH:2
BRF:0
BRH:0
end_of_record
TN:
SF:app/codeCharta/state/store/dynamicSettings/colorRange/colorRange.actions.ts
FN:3,(anonymous_0)
FN:14,setColorRange
FNF:2
FNH:2
FNDA:153,(anonymous_0)
FNDA:1524,setColorRange
DA:3,153
DA:4,153
DA:15,1524
DA:21,153
LF:4
LH:4
BRDA:3,0,0,153
BRDA:3,0,1,153
BRDA:14,1,0,1489
BRF:3
BRH:3
end_of_record
TN:
SF:app/codeCharta/state/store/dynamicSettings/colorRange/colorRange.reducer.ts
FN:3,colorRange
FNF:1
FNH:1
FNDA:4646,colorRange
DA:1,152
DA:4,4646
DA:6,34
DA:8,4612
LF:4
LH:4
BRDA:3,0,0,1488
BRDA:5,1,0,34
BRDA:5,1,1,4612
BRF:3
BRH:3
end_of_record
TN:
SF:app/codeCharta/state/store/dynamicSettings/colorRange/colorRange.reset.ts
FN:3,getResetColorRange
FNF:1
FNH:1
FNDA:1,getResetColorRange
DA:4,1
DA:5,1
DA:6,1
LF:3
LH:3
BRF:0
BRH:0
end_of_record
TN:
SF:app/codeCharta/state/store/dynamicSettings/colorRange/colorRange.service.ts
FN:18,(anonymous_0)
FN:28,(anonymous_1)
FN:35,(anonymous_2)
FN:39,(anonymous_3)
FN:43,(anonymous_4)
FN:51,(anonymous_5)
FN:59,(anonymous_6)
FN:63,(anonymous_7)
FN:67,(anonymous_8)
FN:68,(anonymous_9)
FNF:10
FNH:8
FNDA:42,(anonymous_0)
FNDA:703,(anonymous_1)
FNDA:0,(anonymous_2)
FNDA:1,(anonymous_3)
FNDA:1,(anonymous_4)
FNDA:1,(anonymous_5)
FNDA:1,(anonymous_6)
FNDA:1,(anonymous_7)
FNDA:20,(anonymous_8)
FNDA:0,(anonymous_9)
DA:1,115
DA:3,115
DA:5,115
DA:6,115
DA:7,115
DA:8,115
DA:16,115
DA:19,42
DA:20,42
DA:21,42
DA:23,42
DA:24,42
DA:25,42
DA:29,703
DA:30,1
DA:31,1
DA:36,0
DA:40,1
DA:44,1
DA:45,1
DA:46,1
DA:47,0
DA:52,1
DA:53,1
DA:55,1
DA:56,1
DA:60,1
DA:64,1
DA:68,20
DA:69,0
LF:30
LH:27
BRDA:29,0,0,1
BRDA:29,0,1,702
BRDA:46,1,0,0
BRDA:46,1,1,1
BRDA:46,2,0,1
BRDA:46,2,1,0
BRDA:46,2,2,0
BRF:7
BRH:4
end_of_record
TN:
SF:app/codeCharta/state/store/dynamicSettings/colorRange/colorRange.splitter.ts
FN:4,splitColorRangeAction
FNF:1
FNH:1
FNDA:30,splitColorRangeAction
DA:1,152
DA:5,30
LF:2
LH:2
BRF:0
BRH:0
end_of_record
TN:
SF:app/codeCharta/state/store/dynamicSettings/distributionMetric/distributionMetric.actions.ts
FN:3,(anonymous_0)
FN:14,setDistributionMetric
FNF:2
FNH:2
FNDA:153,(anonymous_0)
FNDA:1528,setDistributionMetric
DA:3,153
DA:4,153
DA:15,1528
DA:21,153
LF:4
LH:4
BRDA:3,0,0,153
BRDA:3,0,1,153
BRDA:14,1,0,1489
BRF:3
BRH:3
end_of_record
TN:
SF:app/codeCharta/state/store/dynamicSettings/distributionMetric/distributionMetric.reducer.ts
FN:3,distributionMetric
FNF:1
FNH:1
FNDA:4646,distributionMetric
DA:1,152
DA:4,4646
DA:6,40
DA:8,4606
LF:4
LH:4
BRDA:3,0,0,1488
BRDA:5,1,0,40
BRDA:5,1,1,4606
BRF:3
BRH:3
end_of_record
TN:
SF:app/codeCharta/state/store/dynamicSettings/distributionMetric/distributionMetric.service.ts
FN:16,(anonymous_0)
FN:21,(anonymous_1)
FN:27,(anonymous_2)
FN:33,(anonymous_3)
FN:38,(anonymous_4)
FN:42,(anonymous_5)
FN:48,(anonymous_6)
FN:49,(anonymous_7)
FNF:8
FNH:7
FNDA:24,(anonymous_0)
FNDA:517,(anonymous_1)
FNDA:3,(anonymous_2)
FNDA:4,(anonymous_3)
FNDA:1,(anonymous_4)
FNDA:1,(anonymous_5)
FNDA:7,(anonymous_6)
FNDA:0,(anonymous_7)
DA:1,115
DA:3,115
DA:5,115
DA:6,115
DA:7,115
DA:14,115
DA:16,24
DA:17,24
DA:18,24
DA:22,517
DA:23,1
DA:28,3
DA:29,2
DA:34,4
DA:35,4
DA:39,1
DA:43,1
DA:49,7
DA:50,0
LF:19
LH:18
BRDA:22,0,0,1
BRDA:22,0,1,516
BRDA:28,1,0,2
BRDA:28,1,1,1
BRF:4
BRH:4
end_of_record
TN:
SF:app/codeCharta/state/store/dynamicSettings/distributionMetric/distributionMetric.splitter.ts
FN:3,splitDistributionMetricAction
FNF:1
FNH:1
FNDA:30,splitDistributionMetricAction
DA:1,152
DA:4,30
LF:2
LH:2
BRF:0
BRH:0
end_of_record
TN:
SF:app/codeCharta/state/store/dynamicSettings/edgeMetric/edgeMetric.actions.ts
FN:3,(anonymous_0)
FN:14,setEdgeMetric
FNF:2
FNH:2
FNDA:153,(anonymous_0)
FNDA:1525,setEdgeMetric
DA:3,153
DA:4,153
DA:15,1525
DA:21,153
LF:4
LH:4
BRDA:3,0,0,153
BRDA:3,0,1,153
BRDA:14,1,0,1489
BRF:3
BRH:3
end_of_record
TN:
SF:app/codeCharta/state/store/dynamicSettings/edgeMetric/edgeMetric.reducer.ts
FN:3,edgeMetric
FNF:1
FNH:1
FNDA:4646,edgeMetric
DA:1,152
DA:4,4646
DA:6,38
DA:8,4608
LF:4
LH:4
BRDA:3,0,0,1488
BRDA:5,1,0,38
BRDA:5,1,1,4608
BRF:3
BRH:3
end_of_record
TN:
SF:app/codeCharta/state/store/dynamicSettings/edgeMetric/edgeMetric.service.ts
FN:15,(anonymous_0)
FN:20,(anonymous_1)
FN:26,(anonymous_2)
FN:28,(anonymous_3)
FN:33,(anonymous_4)
FN:37,(anonymous_5)
FN:41,(anonymous_6)
FN:45,(anonymous_7)
FN:46,(anonymous_8)
FNF:9
FNH:8
FNDA:21,(anonymous_0)
FNDA:517,(anonymous_1)
FNDA:2,(anonymous_2)
FNDA:3,(anonymous_3)
FNDA:1,(anonymous_4)
FNDA:1,(anonymous_5)
FNDA:1,(anonymous_6)
FNDA:24,(anonymous_7)
FNDA:0,(anonymous_8)
DA:1,115
DA:3,115
DA:5,115
DA:6,115
DA:13,115
DA:15,21
DA:16,21
DA:17,21
DA:21,517
DA:22,1
DA:27,2
DA:28,3
DA:29,1
DA:34,1
DA:38,1
DA:42,1
DA:46,24
DA:47,0
LF:18
LH:17
BRDA:21,0,0,1
BRDA:21,0,1,516
BRDA:28,1,0,1
BRDA:28,1,1,1
BRF:4
BRH:4
end_of_record
TN:
SF:app/codeCharta/state/store/dynamicSettings/edgeMetric/edgeMetric.splitter.ts
FN:3,splitEdgeMetricAction
FNF:1
FNH:1
FNDA:30,splitEdgeMetricAction
DA:1,152
DA:4,30
LF:2
LH:2
BRF:0
BRH:0
end_of_record
TN:
SF:app/codeCharta/state/store/dynamicSettings/focusedNodePath/focusedNodePath.actions.ts
FN:3,(anonymous_0)
FN:20,focusNode
FN:27,unfocusNode
FNF:3
FNH:3
FNDA:152,(anonymous_0)
FNDA:1530,focusNode
FNDA:16,unfocusNode
DA:3,152
DA:4,152
DA:5,152
DA:21,1530
DA:28,16
DA:34,152
LF:6
LH:6
BRDA:3,0,0,152
BRDA:3,0,1,152
BRDA:20,1,0,1490
BRF:3
BRH:3
end_of_record
TN:
SF:app/codeCharta/state/store/dynamicSettings/focusedNodePath/focusedNodePath.reducer.ts
FN:4,focusedNodePath
FNF:1
FNH:1
FNDA:4648,focusedNodePath
DA:1,151
DA:2,151
DA:5,4648
DA:7,41
DA:9,17
DA:11,4590
LF:6
LH:6
BRDA:4,0,0,1488
BRDA:6,1,0,41
BRDA:6,1,1,17
BRDA:6,1,2,4590
BRDA:7,2,0,1
BRDA:7,2,1,40
BRF:6
BRH:6
end_of_record
TN:
SF:app/codeCharta/state/store/dynamicSettings/focusedNodePath/focusedNodePath.service.ts
FN:18,(anonymous_0)
FN:23,(anonymous_1)
FN:31,(anonymous_2)
FN:37,(anonymous_3)
FN:41,(anonymous_4)
FN:45,(anonymous_5)
FN:49,(anonymous_6)
FN:53,(anonymous_7)
FN:54,(anonymous_8)
FN:59,(anonymous_9)
FN:60,(anonymous_10)
FNF:11
FNH:9
FNDA:21,(anonymous_0)
FNDA:518,(anonymous_1)
FNDA:1,(anonymous_2)
FNDA:1,(anonymous_3)
FNDA:1,(anonymous_4)
FNDA:1,(anonymous_5)
FNDA:1,(anonymous_6)
FNDA:45,(anonymous_7)
FNDA:0,(anonymous_8)
FNDA:47,(anonymous_9)
FNDA:0,(anonymous_10)
DA:1,115
DA:3,115
DA:4,115
DA:15,115
DA:16,115
DA:18,21
DA:19,21
DA:20,21
DA:24,518
DA:25,1
DA:26,517
DA:27,1
DA:32,1
DA:33,1
DA:38,1
DA:42,1
DA:46,1
DA:50,1
DA:54,45
DA:55,0
DA:60,47
DA:61,0
LF:22
LH:20
BRDA:24,0,0,1
BRDA:24,0,1,517
BRDA:26,1,0,1
BRDA:26,1,1,516
BRDA:32,2,0,1
BRDA:32,2,1,0
BRF:6
BRH:5
end_of_record
TN:
SF:app/codeCharta/state/store/dynamicSettings/focusedNodePath/focusedNodePath.splitter.ts
FN:3,splitFocusedNodePathAction
FNF:1
FNH:1
FNDA:32,splitFocusedNodePathAction
DA:1,152
DA:4,32
DA:5,1
DA:7,31
LF:4
LH:4
BRDA:4,0,0,1
BRDA:4,0,1,31
BRF:2
BRH:2
end_of_record
TN:
SF:app/codeCharta/state/store/dynamicSettings/heightMetric/heightMetric.actions.ts
FN:3,(anonymous_0)
FN:14,setHeightMetric
FNF:2
FNH:2
FNDA:153,(anonymous_0)
FNDA:1546,setHeightMetric
DA:3,153
DA:4,153
DA:15,1546
DA:21,153
LF:4
LH:4
BRDA:3,0,0,153
BRDA:3,0,1,153
BRDA:14,1,0,1489
BRF:3
BRH:3
end_of_record
TN:
SF:app/codeCharta/state/store/dynamicSettings/heightMetric/heightMetric.reducer.ts
FN:3,heightMetric
FNF:1
FNH:1
FNDA:4646,heightMetric
DA:1,152
DA:4,4646
DA:6,57
DA:8,4589
LF:4
LH:4
BRDA:3,0,0,1488
BRDA:5,1,0,57
BRDA:5,1,1,4589
BRF:3
BRH:3
end_of_record
TN:
SF:app/codeCharta/state/store/dynamicSettings/heightMetric/heightMetric.service.ts
FN:16,(anonymous_0)
FN:21,(anonymous_1)
FN:27,(anonymous_2)
FN:33,(anonymous_3)
FN:42,(anonymous_4)
FN:46,(anonymous_5)
FN:50,(anonymous_6)
FN:51,(anonymous_7)
FNF:8
FNH:7
FNDA:23,(anonymous_0)
FNDA:517,(anonymous_1)
FNDA:4,(anonymous_2)
FNDA:3,(anonymous_3)
FNDA:1,(anonymous_4)
FNDA:1,(anonymous_5)
FNDA:10,(anonymous_6)
FNDA:0,(anonymous_7)
DA:1,115
DA:3,115
DA:5,115
DA:6,115
DA:7,115
DA:14,115
DA:16,23
DA:17,23
DA:18,23
DA:22,517
DA:23,1
DA:28,4
DA:29,3
DA:34,3
DA:36,3
DA:37,2
DA:38,2
DA:43,1
DA:47,1
DA:51,10
DA:52,0
LF:21
LH:20
BRDA:22,0,0,1
BRDA:22,0,1,516
BRDA:28,1,0,3
BRDA:28,1,1,1
BRDA:36,2,0,2
BRDA:36,2,1,1
BRF:6
BRH:6
end_of_record
TN:
SF:app/codeCharta/state/store/dynamicSettings/heightMetric/heightMetric.splitter.ts
FN:3,splitHeightMetricAction
FNF:1
FNH:1
FNDA:35,splitHeightMetricAction
DA:1,152
DA:4,35
LF:2
LH:2
BRF:0
BRH:0
end_of_record
TN:
SF:app/codeCharta/state/store/dynamicSettings/margin/margin.actions.ts
FN:3,(anonymous_0)
FN:14,setMargin
FNF:2
FNH:2
FNDA:153,(anonymous_0)
FNDA:1527,setMargin
DA:3,153
DA:4,153
DA:15,1527
DA:21,153
LF:4
LH:4
BRDA:3,0,0,153
BRDA:3,0,1,153
BRDA:14,1,0,1489
BRF:3
BRH:3
end_of_record
TN:
SF:app/codeCharta/state/store/dynamicSettings/margin/margin.reducer.ts
FN:3,margin
FNF:1
FNH:1
FNDA:4646,margin
DA:1,152
DA:4,4646
DA:6,38
DA:8,4608
LF:4
LH:4
BRDA:3,0,0,1488
BRDA:5,1,0,38
BRDA:5,1,1,4608
BRF:3
BRH:3
end_of_record
TN:
SF:app/codeCharta/state/store/dynamicSettings/margin/margin.reset.ts
FN:5,getResetMargin
FNF:1
FNH:1
FNDA:20,getResetMargin
DA:3,115
DA:6,20
DA:7,3
DA:9,17
LF:4
LH:4
BRDA:6,0,0,3
BRDA:6,0,1,17
BRDA:6,1,0,20
BRDA:6,1,1,19
BRF:4
BRH:4
end_of_record
TN:
SF:app/codeCharta/state/store/dynamicSettings/margin/margin.service.ts
FN:17,(anonymous_0)
FN:27,(anonymous_1)
FN:33,(anonymous_2)
FN:37,(anonymous_3)
FN:41,(anonymous_4)
FN:53,(anonymous_5)
FN:57,(anonymous_6)
FN:61,(anonymous_7)
FN:62,(anonymous_8)
FNF:9
FNH:7
FNDA:25,(anonymous_0)
FNDA:517,(anonymous_1)
FNDA:0,(anonymous_2)
FNDA:16,(anonymous_3)
FNDA:20,(anonymous_4)
FNDA:1,(anonymous_5)
FNDA:1,(anonymous_6)
FNDA:3,(anonymous_7)
FNDA:0,(anonymous_8)
DA:1,115
DA:3,115
DA:4,115
DA:6,115
DA:7,115
DA:8,115
DA:15,115
DA:18,25
DA:19,25
DA:20,25
DA:22,25
DA:23,25
DA:24,25
DA:28,517
DA:29,1
DA:34,0
DA:38,16
DA:42,20
DA:43,20
DA:44,20
DA:46,20
DA:48,20
DA:49,2
DA:54,1
DA:58,1
DA:62,3
DA:63,0
LF:27
LH:25
BRDA:28,0,0,1
BRDA:28,0,1,516
BRDA:48,1,0,2
BRDA:48,1,1,18
BRDA:48,2,0,20
BRDA:48,2,1,3
BRF:6
BRH:6
end_of_record
TN:
SF:app/codeCharta/state/store/dynamicSettings/margin/margin.splitter.ts
FN:3,splitMarginAction
FNF:1
FNH:1
FNDA:30,splitMarginAction
DA:1,152
DA:4,30
LF:2
LH:2
BRF:0
BRH:0
end_of_record
TN:
SF:app/codeCharta/state/store/dynamicSettings/searchPattern/searchPattern.actions.ts
FN:3,(anonymous_0)
FN:14,setSearchPattern
FNF:2
FNH:2
FNDA:153,(anonymous_0)
FNDA:1527,setSearchPattern
DA:3,153
DA:4,153
DA:15,1527
DA:21,153
LF:4
LH:4
BRDA:3,0,0,153
BRDA:3,0,1,153
BRDA:14,1,0,1491
BRF:3
BRH:3
end_of_record
TN:
SF:app/codeCharta/state/store/dynamicSettings/searchPattern/searchPattern.reducer.ts
FN:3,searchPattern
FNF:1
FNH:1
FNDA:4646,searchPattern
DA:1,152
DA:4,4646
DA:6,40
DA:8,4606
LF:4
LH:4
BRDA:3,0,0,1488
BRDA:5,1,0,40
BRDA:5,1,1,4606
BRF:3
BRH:3
end_of_record
TN:
SF:app/codeCharta/state/store/dynamicSettings/searchPattern/searchPattern.service.ts
FN:14,(anonymous_0)
FN:19,(anonymous_1)
FN:25,(anonymous_2)
FN:29,(anonymous_3)
FN:33,(anonymous_4)
FN:37,(anonymous_5)
FN:38,(anonymous_6)
FNF:7
FNH:6
FNDA:20,(anonymous_0)
FNDA:517,(anonymous_1)
FNDA:1,(anonymous_2)
FNDA:1,(anonymous_3)
FNDA:1,(anonymous_4)
FNDA:18,(anonymous_5)
FNDA:0,(anonymous_6)
DA:1,115
DA:3,115
DA:4,115
DA:5,115
DA:12,115
DA:14,20
DA:15,20
DA:16,20
DA:20,517
DA:21,1
DA:26,1
DA:30,1
DA:34,1
DA:38,18
DA:39,0
LF:15
LH:14
BRDA:20,0,0,1
BRDA:20,0,1,516
BRF:2
BRH:2
end_of_record
TN:
SF:app/codeCharta/state/store/dynamicSettings/searchPattern/searchPattern.splitter.ts
FN:3,splitSearchPatternAction
FNF:1
FNH:1
FNDA:30,splitSearchPatternAction
DA:1,152
DA:4,30
LF:2
LH:2
BRF:0
BRH:0
end_of_record
TN:
SF:app/codeCharta/state/store/dynamicSettings/searchedNodePaths/searchedNodePaths.actions.ts
FN:3,(anonymous_0)
FN:14,setSearchedNodePaths
FNF:2
FNH:2
FNDA:153,(anonymous_0)
FNDA:1536,setSearchedNodePaths
DA:3,153
DA:4,153
DA:15,1536
DA:21,153
LF:4
LH:4
BRDA:3,0,0,153
BRDA:3,0,1,153
BRDA:14,1,0,1489
BRF:3
BRH:3
end_of_record
TN:
SF:app/codeCharta/state/store/dynamicSettings/searchedNodePaths/searchedNodePaths.reducer.ts
FN:3,searchedNodePaths
FNF:1
FNH:1
FNDA:4646,searchedNodePaths
DA:1,152
DA:4,4646
DA:6,49
DA:8,4597
LF:4
LH:4
BRDA:3,0,0,1488
BRDA:5,1,0,49
BRDA:5,1,1,4597
BRF:3
BRH:3
end_of_record
TN:
SF:app/codeCharta/state/store/dynamicSettings/searchedNodePaths/searchedNodePaths.service.ts
FN:13,(anonymous_0)
FN:17,(anonymous_1)
FN:23,(anonymous_2)
FN:27,(anonymous_3)
FN:33,(anonymous_4)
FN:34,(anonymous_5)
FNF:6
FNH:4
FNDA:17,(anonymous_0)
FNDA:517,(anonymous_1)
FNDA:1,(anonymous_2)
FNDA:1,(anonymous_3)
FNDA:0,(anonymous_4)
FNDA:0,(anonymous_5)
DA:1,115
DA:3,115
DA:4,115
DA:11,115
DA:13,17
DA:14,17
DA:18,517
DA:19,1
DA:24,1
DA:28,1
DA:34,0
DA:35,0
LF:12
LH:10
BRDA:18,0,0,1
BRDA:18,0,1,516
BRF:2
BRH:2
end_of_record
TN:
SF:app/codeCharta/state/store/dynamicSettings/searchedNodePaths/searchedNodePaths.splitter.ts
FN:3,splitSearchedNodePathsAction
FNF:1
FNH:1
FNDA:30,splitSearchedNodePathsAction
DA:1,152
DA:4,30
LF:2
LH:2
BRF:0
BRH:0
end_of_record
TN:
SF:app/codeCharta/state/store/dynamicSettings/sortingOption/sortingOption.actions.ts
FN:4,(anonymous_0)
FN:15,setSortingOption
FNF:2
FNH:2
FNDA:153,(anonymous_0)
FNDA:1521,setSortingOption
DA:2,153
DA:4,153
DA:5,153
DA:16,1521
DA:22,153
LF:5
LH:5
BRDA:4,0,0,153
BRDA:4,0,1,153
BRDA:15,1,0,1489
BRF:3
BRH:3
end_of_record
TN:
SF:app/codeCharta/state/store/dynamicSettings/sortingOption/sortingOption.reducer.ts
FN:3,sortingOption
FNF:1
FNH:1
FNDA:4646,sortingOption
DA:1,152
DA:4,4646
DA:6,34
DA:8,4612
LF:4
LH:4
BRDA:3,0,0,1488
BRDA:5,1,0,34
BRDA:5,1,1,4612
BRF:3
BRH:3
end_of_record
TN:
SF:app/codeCharta/state/store/dynamicSettings/sortingOption/sortingOption.service.ts
FN:14,(anonymous_0)
FN:18,(anonymous_1)
FN:24,(anonymous_2)
FN:28,(anonymous_3)
FN:32,(anonymous_4)
FN:33,(anonymous_5)
FNF:6
FNH:5
FNDA:17,(anonymous_0)
FNDA:517,(anonymous_1)
FNDA:1,(anonymous_2)
FNDA:1,(anonymous_3)
FNDA:4,(anonymous_4)
FNDA:0,(anonymous_5)
DA:1,115
DA:3,115
DA:4,115
DA:12,115
DA:14,17
DA:15,17
DA:19,517
DA:20,1
DA:25,1
DA:29,1
DA:33,4
DA:34,0
LF:12
LH:11
BRDA:19,0,0,1
BRDA:19,0,1,516
BRF:2
BRH:2
end_of_record
TN:
SF:app/codeCharta/state/store/dynamicSettings/sortingOption/sortingOption.splitter.ts
FN:4,splitSortingOptionAction
FNF:1
FNH:1
FNDA:30,splitSortingOptionAction
DA:1,152
DA:5,30
LF:2
LH:2
BRF:0
BRH:0
end_of_record
TN:
SF:app/codeCharta/state/store/fileSettings/fileSettings.actions.ts
FN:9,(anonymous_0)
FN:20,setFileSettings
FNF:2
FNH:2
FNDA:152,(anonymous_0)
FNDA:1,setFileSettings
DA:4,152
DA:5,152
DA:6,152
DA:7,152
DA:9,152
DA:10,152
DA:21,1
DA:27,152
LF:8
LH:8
BRDA:9,0,0,152
BRDA:9,0,1,152
BRDA:20,1,0,0
BRF:3
BRH:2
end_of_record
TN:
SF:app/codeCharta/state/store/fileSettings/fileSettings.reducer.ts
FNF:0
FNH:0
DA:2,151
DA:3,151
DA:4,151
DA:5,151
DA:6,151
DA:8,151
DA:16,151
LF:7
LH:7
BRF:0
BRH:0
end_of_record
TN:
SF:app/codeCharta/state/store/fileSettings/fileSettings.splitter.ts
FN:9,splitFileSettingsActions
FNF:1
FNH:1
FNDA:19,splitFileSettingsActions
DA:4,152
DA:5,152
DA:6,152
DA:7,152
DA:10,19
DA:13,19
DA:14,17
DA:17,19
DA:18,17
DA:21,19
DA:22,17
DA:25,19
DA:26,19
DA:29,19
LF:14
LH:14
BRDA:13,0,0,17
BRDA:13,0,1,2
BRDA:17,1,0,17
BRDA:17,1,1,2
BRDA:21,2,0,17
BRDA:21,2,1,2
BRDA:25,3,0,19
BRDA:25,3,1,0
BRF:8
BRH:7
end_of_record
TN:
SF:app/codeCharta/state/store/fileSettings/attributeTypes/attributeTypes.actions.ts
FN:3,(anonymous_0)
FN:20,setAttributeTypes
FN:27,updateAttributeType
FNF:3
FNH:3
FNDA:152,(anonymous_0)
FNDA:1518,setAttributeTypes
FNDA:4,updateAttributeType
DA:3,152
DA:4,152
DA:5,152
DA:21,1518
DA:28,4
DA:34,152
LF:6
LH:6
BRDA:3,0,0,152
BRDA:3,0,1,152
BRDA:20,1,0,1490
BRF:3
BRH:3
end_of_record
TN:
SF:app/codeCharta/state/store/fileSettings/attributeTypes/attributeTypes.merger.ts
FN:3,getMergedAttributeTypes
FNF:1
FNH:1
FNDA:2,getMergedAttributeTypes
DA:4,2
DA:5,2
DA:7,2
DA:8,4
DA:9,11
DA:10,7
DA:14,4
DA:15,7
DA:16,6
DA:21,2
LF:10
LH:10
BRDA:9,0,0,7
BRDA:9,0,1,4
BRDA:15,1,0,6
BRDA:15,1,1,1
BRF:4
BRH:4
end_of_record
TN:
SF:app/codeCharta/state/store/fileSettings/attributeTypes/attributeTypes.reducer.ts
FN:4,attributeTypes
FN:15,updateAttributeType
FNF:2
FNH:2
FNDA:4648,attributeTypes
FNDA:4,updateAttributeType
DA:1,151
DA:5,4648
DA:7,31
DA:9,4
DA:11,4613
DA:16,4
LF:6
LH:6
BRDA:4,0,0,1488
BRDA:6,1,0,31
BRDA:6,1,1,4
BRDA:6,1,2,4613
BRF:4
BRH:4
end_of_record
TN:
SF:app/codeCharta/state/store/fileSettings/attributeTypes/attributeTypes.service.ts
FN:18,(anonymous_0)
FN:23,(anonymous_1)
FN:29,(anonymous_2)
FN:33,(anonymous_3)
FN:34,(anonymous_4)
FN:40,(anonymous_5)
FN:44,(anonymous_6)
FN:48,(anonymous_7)
FN:49,(anonymous_8)
FNF:9
FNH:5
FNDA:19,(anonymous_0)
FNDA:517,(anonymous_1)
FNDA:0,(anonymous_2)
FNDA:0,(anonymous_3)
FNDA:0,(anonymous_4)
FNDA:1,(anonymous_5)
FNDA:1,(anonymous_6)
FNDA:545,(anonymous_7)
FNDA:0,(anonymous_8)
DA:1,151
DA:3,151
DA:4,151
DA:5,151
DA:7,151
DA:8,151
DA:16,151
DA:18,19
DA:19,19
DA:20,19
DA:24,517
DA:25,1
DA:30,0
DA:34,0
DA:36,0
DA:37,0
DA:41,1
DA:45,1
DA:49,545
DA:50,0
LF:20
LH:15
BRDA:24,0,0,1
BRDA:24,0,1,516
BRF:2
BRH:2
end_of_record
TN:
SF:app/codeCharta/state/store/fileSettings/attributeTypes/attributeTypes.splitter.ts
FN:4,splitAttributeTypesAction
FNF:1
FNH:1
FNDA:17,splitAttributeTypesAction
DA:1,152
DA:5,17
LF:2
LH:2
BRF:0
BRH:0
end_of_record
TN:
SF:app/codeCharta/state/store/fileSettings/blacklist/blacklist.actions.ts
FN:3,(anonymous_0)
FN:26,addBlacklistItem
FN:33,removeBlacklistItem
FN:40,setBlacklist
FNF:4
FNH:4
FNDA:153,(anonymous_0)
FNDA:9,addBlacklistItem
FNDA:3,removeBlacklistItem
FNDA:1538,setBlacklist
DA:3,153
DA:4,153
DA:5,153
DA:6,153
DA:27,9
DA:34,3
DA:41,1538
DA:47,153
LF:8
LH:8
BRDA:3,0,0,153
BRDA:3,0,1,153
BRDA:40,1,0,1509
BRF:3
BRH:3
end_of_record
TN:
SF:app/codeCharta/state/store/fileSettings/blacklist/blacklist.merger.ts
FN:4,getMergedBlacklist
FNF:1
FNH:1
FNDA:2,getMergedBlacklist
DA:1,151
DA:5,2
DA:7,2
DA:8,0
DA:11,2
DA:12,4
DA:13,4
DA:14,8
DA:20,8
DA:24,2
LF:10
LH:9
BRDA:7,0,0,0
BRDA:7,0,1,2
BRDA:12,1,0,4
BRDA:12,1,1,0
BRDA:16,2,0,0
BRDA:16,2,1,8
BRF:6
BRH:3
end_of_record
TN:
SF:app/codeCharta/state/store/fileSettings/blacklist/blacklist.reducer.ts
FN:4,blacklist
FNF:1
FNH:1
FNDA:4648,blacklist
DA:1,152
DA:2,152
DA:5,4648
DA:7,11
DA:9,3
DA:11,48
DA:13,4586
LF:7
LH:7
BRDA:4,0,0,1488
BRDA:6,1,0,11
BRDA:6,1,1,3
BRDA:6,1,2,48
BRDA:6,1,3,4586
BRF:5
BRH:5
end_of_record
TN:
SF:app/codeCharta/state/store/fileSettings/blacklist/blacklist.service.ts
FN:18,(anonymous_0)
FN:23,(anonymous_1)
FN:29,(anonymous_2)
FN:33,(anonymous_3)
FN:40,(anonymous_4)
FN:44,(anonymous_5)
FN:48,(anonymous_6)
FN:49,(anonymous_7)
FNF:8
FNH:5
FNDA:19,(anonymous_0)
FNDA:517,(anonymous_1)
FNDA:0,(anonymous_2)
FNDA:0,(anonymous_3)
FNDA:1,(anonymous_4)
FNDA:1,(anonymous_5)
FNDA:489,(anonymous_6)
FNDA:0,(anonymous_7)
DA:1,151
DA:4,151
DA:5,151
DA:6,151
DA:7,151
DA:8,151
DA:16,151
DA:18,19
DA:19,19
DA:20,19
DA:24,517
DA:25,1
DA:30,0
DA:34,0
DA:35,0
DA:36,0
DA:37,0
DA:41,1
DA:45,1
DA:49,489
DA:50,0
LF:21
LH:15
BRDA:24,0,0,1
BRDA:24,0,1,516
BRF:2
BRH:2
end_of_record
TN:
SF:app/codeCharta/state/store/fileSettings/blacklist/blacklist.splitter.ts
FN:4,splitBlacklistAction
FNF:1
FNH:1
FNDA:19,splitBlacklistAction
DA:2,152
DA:5,19
LF:2
LH:2
BRF:0
BRH:0
end_of_record
TN:
SF:app/codeCharta/state/store/fileSettings/edges/edges.actions.ts
FN:3,(anonymous_0)
FN:26,setEdges
FN:33,addEdge
FN:40,removeEdge
FNF:4
FNH:4
FNDA:152,(anonymous_0)
FNDA:1518,setEdges
FNDA:1,addEdge
FNDA:1,removeEdge
DA:3,152
DA:4,152
DA:5,152
DA:6,152
DA:27,1518
DA:34,1
DA:41,1
DA:47,152
LF:8
LH:8
BRDA:3,0,0,152
BRDA:3,0,1,152
BRDA:26,1,0,1492
BRF:3
BRH:3
end_of_record
TN:
SF:app/codeCharta/state/store/fileSettings/edges/edges.merger.ts
FN:4,getMergedEdges
FNF:1
FNH:1
FNDA:5,getMergedEdges
DA:1,116
DA:5,5
DA:7,5
DA:8,0
DA:11,5
DA:12,10
DA:13,9
DA:14,8
DA:22,8
DA:24,8
DA:25,2
DA:26,4
DA:29,6
DA:34,5
LF:14
LH:13
BRDA:7,0,0,0
BRDA:7,0,1,5
BRDA:12,1,0,9
BRDA:12,1,1,1
BRDA:16,2,0,0
BRDA:16,2,1,8
BRDA:18,3,0,0
BRDA:18,3,1,8
BRDA:24,4,0,2
BRDA:24,4,1,6
BRF:10
BRH:7
end_of_record
TN:
SF:app/codeCharta/state/store/fileSettings/edges/edges.reducer.ts
FN:4,edges
FNF:1
FNH:1
FNDA:4648,edges
DA:1,151
DA:2,151
DA:5,4648
DA:7,31
DA:9,1
DA:11,1
DA:13,4615
LF:7
LH:7
BRDA:4,0,0,1488
BRDA:6,1,0,31
BRDA:6,1,1,1
BRDA:6,1,2,1
BRDA:6,1,3,4615
BRF:5
BRH:5
end_of_record
TN:
SF:app/codeCharta/state/store/fileSettings/edges/edges.service.ts
FN:18,(anonymous_0)
FN:23,(anonymous_1)
FN:29,(anonymous_2)
FN:33,(anonymous_3)
FN:40,(anonymous_4)
FN:44,(anonymous_5)
FN:48,(anonymous_6)
FN:49,(anonymous_7)
FNF:8
FNH:4
FNDA:19,(anonymous_0)
FNDA:517,(anonymous_1)
FNDA:0,(anonymous_2)
FNDA:0,(anonymous_3)
FNDA:1,(anonymous_4)
FNDA:1,(anonymous_5)
FNDA:0,(anonymous_6)
FNDA:0,(anonymous_7)
DA:1,115
DA:3,115
DA:5,115
DA:6,115
DA:7,115
DA:8,115
DA:16,115
DA:18,19
DA:19,19
DA:20,19
DA:24,517
DA:25,1
DA:30,0
DA:34,0
DA:35,0
DA:36,0
DA:37,0
DA:41,1
DA:45,1
DA:49,0
DA:50,0
LF:21
LH:14
BRDA:24,0,0,1
BRDA:24,0,1,516
BRF:2
BRH:2
end_of_record
TN:
SF:app/codeCharta/state/store/fileSettings/edges/edges.splitter.ts
FN:4,splitEdgesAction
FNF:1
FNH:1
FNDA:17,splitEdgesAction
DA:1,152
DA:5,17
LF:2
LH:2
BRF:0
BRH:0
end_of_record
TN:
SF:app/codeCharta/state/store/fileSettings/markedPackages/markedPackages.actions.ts
FN:3,(anonymous_0)
FN:21,setMarkedPackages
FN:28,unmarkPackage
FNF:3
FNH:3
FNDA:152,(anonymous_0)
FNDA:1545,setMarkedPackages
FNDA:2,unmarkPackage
DA:3,152
DA:4,152
DA:5,152
DA:6,152
DA:22,1545
DA:29,2
DA:35,152
LF:7
LH:7
BRDA:3,0,0,152
BRDA:3,0,1,152
BRDA:21,1,0,1502
BRF:3
BRH:3
end_of_record
TN:
SF:app/codeCharta/state/store/fileSettings/markedPackages/markedPackages.merger.ts
FN:4,getMergedMarkedPackages
FNF:1
FNH:1
FNDA:5,getMergedMarkedPackages
DA:1,116
DA:5,5
DA:6,0
DA:9,5
DA:11,5
DA:12,10
DA:13,9
DA:14,8
DA:20,8
DA:24,5
LF:10
LH:9
BRDA:5,0,0,0
BRDA:5,0,1,5
BRDA:12,1,0,9
BRDA:12,1,1,1
BRDA:16,2,0,0
BRDA:16,2,1,8
BRF:6
BRH:4
end_of_record
TN:
SF:app/codeCharta/state/store/fileSettings/markedPackages/markedPackages.reducer.ts
FN:4,markedPackages
FNF:1
FNH:1
FNDA:4647,markedPackages
DA:1,151
DA:2,151
DA:5,4647
DA:7,58
DA:9,2
DA:11,4587
LF:6
LH:6
BRDA:4,0,0,1488
BRDA:6,1,0,58
BRDA:6,1,1,2
BRDA:6,1,2,4587
BRF:4
BRH:4
end_of_record
TN:
SF:app/codeCharta/state/store/fileSettings/markedPackages/markedPackages.service.ts
FN:18,(anonymous_0)
FN:23,(anonymous_1)
FN:29,(anonymous_2)
FN:33,(anonymous_3)
FN:40,(anonymous_4)
FN:44,(anonymous_5)
FN:48,(anonymous_6)
FN:49,(anonymous_7)
FNF:8
FNH:5
FNDA:19,(anonymous_0)
FNDA:517,(anonymous_1)
FNDA:0,(anonymous_2)
FNDA:0,(anonymous_3)
FNDA:1,(anonymous_4)
FNDA:1,(anonymous_5)
FNDA:8,(anonymous_6)
FNDA:0,(anonymous_7)
DA:1,115
DA:3,115
DA:5,115
DA:6,115
DA:7,115
DA:8,115
DA:16,115
DA:18,19
DA:19,19
DA:20,19
DA:24,517
DA:25,1
DA:30,0
DA:34,0
DA:35,0
DA:36,0
DA:37,0
DA:41,1
DA:45,1
DA:49,8
DA:50,0
LF:21
LH:15
BRDA:24,0,0,1
BRDA:24,0,1,516
BRF:2
BRH:2
end_of_record
TN:
SF:app/codeCharta/state/store/fileSettings/markedPackages/markedPackages.splitter.ts
FN:4,splitMarkedPackagesAction
FNF:1
FNH:1
FNDA:17,splitMarkedPackagesAction
DA:1,152
DA:5,17
LF:2
LH:2
BRF:0
BRH:0
end_of_record
TN:
SF:app/codeCharta/state/store/files/files.actions.ts
FN:4,(anonymous_0)
FN:14,(anonymous_1)
FN:80,setFiles
FN:87,resetFiles
FN:93,resetSelection
FN:99,addFile
FN:106,setSingle
FN:113,setSingleByName
FN:120,setMultiple
FN:127,setMultipleByNames
FN:134,setDelta
FN:141,setDeltaByNames
FNF:12
FNH:12
FNDA:152,(anonymous_0)
FNDA:152,(anonymous_1)
FNDA:1232,setFiles
FNDA:98,resetFiles
FNDA:2,resetSelection
FNDA:156,addFile
FNDA:58,setSingle
FNDA:15,setSingleByName
FNDA:7,setMultiple
FNDA:4,setMultipleByNames
FNDA:9,setDelta
FNDA:3,setDeltaByNames
DA:4,152
DA:5,152
DA:6,152
DA:7,152
DA:8,152
DA:9,152
DA:10,152
DA:11,152
DA:14,152
DA:15,152
DA:16,152
DA:17,152
DA:81,1232
DA:88,98
DA:94,2
DA:100,156
DA:107,58
DA:114,15
DA:121,7
DA:128,4
DA:135,9
DA:142,3
DA:148,152
LF:23
LH:23
BRDA:4,0,0,152
BRDA:4,0,1,152
BRDA:14,1,0,152
BRDA:14,1,1,152
BRDA:80,2,0,1186
BRF:5
BRH:5
end_of_record
TN:
SF:app/codeCharta/state/store/files/files.reducer.ts
FN:5,files
FN:32,reset
FN:36,resetSelection
FN:37,(anonymous_3)
FN:42,addFile
[...]
BRDA:208,12,0,10
BRDA:208,12,1,1
BRDA:209,13,0,9
BRDA:209,13,1,1
BRDA:213,14,0,10
BRDA:213,14,1,0
BRDA:218,15,0,9
BRDA:218,15,1,1
BRDA:222,16,0,1
BRDA:222,16,1,9
BRDA:227,17,0,1
BRDA:227,17,1,9
BRF:45
BRH:36
end_of_record
TN:
SF:app/codeCharta/util/settingsHelper.ts
FN:4,convertToVectors
FNF:1
FNH:1
FNDA:1846,convertToVectors
DA:2,152
DA:5,1846
DA:7,1846
DA:8,4301
DA:9,1235
DA:10,1235
DA:11,6
DA:13,1229
LF:8
LH:8
BRDA:8,0,0,1235
BRDA:8,0,1,3066
BRDA:8,1,0,4301
BRDA:8,1,1,1235
BRDA:10,2,0,6
BRDA:10,2,1,1229
BRDA:10,3,0,1235
BRDA:10,3,1,1232
BRDA:10,3,2,1229
BRDA:11,4,0,3
BRDA:11,4,1,3
BRDA:11,5,0,6
BRDA:11,5,1,6
BRDA:11,6,0,6
BRDA:11,6,1,0
BRDA:11,7,0,6
BRDA:11,7,1,6
BRDA:11,8,0,3
BRDA:11,8,1,3
BRDA:11,9,0,6
BRDA:11,9,1,6
BRF:21
BRH:20
end_of_record
TN:
SF:app/codeCharta/util/urlExtractor.ts
FN:7,(anonymous_7)
FN:9,(anonymous_8)
FN:23,(anonymous_9)
FN:31,(anonymous_11)
FN:31,(anonymous_12)
FN:37,(anonymous_13)
FNF:6
FNH:6
FNDA:25,(anonymous_7)
FNDA:4,(anonymous_8)
FNDA:19,(anonymous_9)
FNDA:21,(anonymous_11)
FNDA:21,(anonymous_12)
FNDA:20,(anonymous_13)
DA:7,25
DA:10,4
DA:11,4
DA:12,4
DA:14,4
DA:15,2
DA:17,2
DA:18,0
DA:20,2
DA:24,19
DA:26,19
DA:27,17
DA:30,19
DA:31,21
DA:32,21
DA:38,20
DA:39,18
DA:41,2
DA:42,2
DA:43,1
DA:45,1
LF:21
LH:20
BRDA:14,0,0,2
BRDA:14,0,1,2
BRDA:17,1,0,0
BRDA:17,1,1,2
BRDA:26,2,0,17
BRDA:26,2,1,2
BRDA:38,3,0,18
BRDA:38,3,1,2
BRDA:42,4,0,1
BRDA:42,4,1,1
BRDA:42,5,0,2
BRDA:42,5,1,2
BRF:12
BRH:11
end_of_record
TN:
SF:app/codeCharta/util/algorithm/streetLayout/boundingBox.ts
FN:12,(anonymous_1)
FN:19,(anonymous_2)
FNF:2
FNH:0
FNDA:0,(anonymous_1)
FNDA:0,(anonymous_2)
DA:1,115
DA:3,115
DA:6,0
DA:7,0
DA:10,0
DA:13,0
DA:20,0
DA:21,0
DA:22,0
DA:23,0
LF:10
LH:2
BRF:0
BRH:0
end_of_record
TN:
SF:app/codeCharta/util/algorithm/streetLayout/horizontalStreet.ts
FN:9,(anonymous_4)
FN:22,(anonymous_5)
FN:34,(anonymous_6)
FN:52,(anonymous_7)
FN:61,(anonymous_8)
FN:83,(anonymous_9)
FN:105,(anonymous_10)
FN:128,(anonymous_11)
FN:137,(anonymous_12)
FN:145,(anonymous_13)
FN:154,(anonymous_14)
FN:167,(anonymous_15)
FN:187,(anonymous_16)
FN:199,(anonymous_17)
FN:200,(anonymous_18)
FN:207,(anonymous_19)
FN:218,(anonymous_20)
FN:237,(anonymous_21)
FNF:18
FNH:1
FNDA:115,(anonymous_4)
FNDA:0,(anonymous_5)
FNDA:0,(anonymous_6)
FNDA:0,(anonymous_7)
FNDA:0,(anonymous_8)
FNDA:0,(anonymous_9)
FNDA:0,(anonymous_10)
FNDA:0,(anonymous_11)
FNDA:0,(anonymous_12)
FNDA:0,(anonymous_13)
FNDA:0,(anonymous_14)
FNDA:0,(anonymous_15)
FNDA:0,(anonymous_16)
FNDA:0,(anonymous_17)
FNDA:0,(anonymous_18)
FNDA:0,(anonymous_19)
FNDA:0,(anonymous_20)
FNDA:0,(anonymous_21)
DA:1,115
DA:3,115
DA:4,115
DA:5,115
DA:7,115
DA:9,115
DA:10,115
DA:11,115
DA:15,0
DA:17,0
DA:18,0
DA:28,0
DA:29,0
DA:30,0
DA:31,0
DA:36,0
DA:37,0
DA:41,0
DA:44,0
DA:47,0
DA:48,0
DA:49,0
DA:53,0
DA:54,0
DA:55,0
DA:56,0
DA:58,0
DA:62,0
DA:63,0
DA:65,0
DA:66,0
DA:67,0
DA:69,0
DA:70,0
DA:71,0
DA:72,0
DA:73,0
DA:75,0
DA:84,0
DA:85,0
DA:86,0
DA:87,0
DA:89,0
DA:90,0
DA:92,0
DA:106,0
DA:107,0
DA:109,0
DA:110,0
DA:111,0
DA:113,0
DA:114,0
DA:115,0
DA:116,0
DA:117,0
DA:119,0
DA:129,0
DA:138,0
DA:146,0
DA:155,0
DA:157,0
DA:158,0
DA:160,0
DA:168,0
DA:169,0
DA:171,0
DA:172,0
DA:173,0
DA:174,0
DA:176,0
DA:177,0
DA:179,0
DA:188,0
DA:189,0
DA:191,0
DA:200,0
DA:208,0
DA:209,0
DA:211,0
DA:219,0
DA:220,0
DA:222,0
DA:226,0
DA:230,0
DA:238,0
DA:239,0
DA:240,0
DA:242,0
DA:246,0
DA:250,0
LF:90
LH:8
BRDA:9,0,0,115
BRDA:9,0,1,115
BRDA:26,1,0,0
BRDA:65,2,0,0
BRDA:65,2,1,0
BRDA:89,3,0,0
BRDA:89,3,1,0
BRDA:109,4,0,0
BRDA:109,4,1,0
BRDA:172,5,0,0
BRDA:172,5,1,0
BRDA:176,6,0,0
BRDA:176,6,1,0
BRDA:188,7,0,0
BRDA:188,7,1,0
BRDA:208,8,0,0
BRDA:208,8,1,0
BRDA:223,9,0,0
BRDA:223,9,1,0
BRDA:222,10,0,0
BRDA:222,10,1,0
BRDA:227,11,0,0
BRDA:227,11,1,0
BRDA:226,12,0,0
BRDA:226,12,1,0
BRDA:230,13,0,0
BRDA:230,13,1,0
BRDA:230,14,0,0
BRDA:230,14,1,0
BRDA:243,15,0,0
BRDA:243,15,1,0
BRDA:242,16,0,0
BRDA:242,16,1,0
BRDA:247,17,0,0
BRDA:247,17,1,0
BRDA:246,18,0,0
BRDA:246,18,1,0
BRDA:250,19,0,0
BRDA:250,19,1,0
BRDA:250,20,0,0
BRDA:250,20,1,0
BRF:41
BRH:2
end_of_record
TN:
SF:app/codeCharta/util/algorithm/streetLayout/house.ts
FN:7,(anonymous_1)
FN:11,(anonymous_2)
FN:17,(anonymous_3)
FNF:3
FNH:0
FNDA:0,(anonymous_1)
FNDA:0,(anonymous_2)
FNDA:0,(anonymous_3)
DA:1,115
DA:4,115
DA:8,0
DA:12,0
DA:13,0
DA:14,0
DA:18,0
DA:24,0
LF:8
LH:2
BRF:0
BRH:0
end_of_record
TN:
SF:app/codeCharta/util/algorithm/streetLayout/rectangle.ts
FN:9,(anonymous_0)
FN:17,(anonymous_1)
FN:21,(anonymous_2)
FN:25,(anonymous_3)
FN:29,(anonymous_4)
FNF:5
FNH:5
FNDA:12,(anonymous_0)
FNDA:2,(anonymous_1)
FNDA:2,(anonymous_2)
FNDA:1,(anonymous_3)
FNDA:2,(anonymous_4)
DA:1,116
DA:10,12
DA:11,12
DA:12,12
DA:13,12
DA:18,2
DA:22,2
DA:26,1
DA:30,2
LF:9
LH:9
BRDA:18,0,0,1
BRDA:18,0,1,1
BRF:2
BRH:2
end_of_record
TN:
SF:app/codeCharta/util/algorithm/streetLayout/squarifiedTreeMap.ts
FN:11,(anonymous_1)
FN:15,(anonymous_2)
FN:23,(anonymous_3)
FN:34,(anonymous_4)
FN:54,(anonymous_5)
FN:63,(anonymous_6)
FN:82,(anonymous_7)
FN:95,(anonymous_8)
FN:98,(anonymous_9)
FN:107,(anonymous_10)
FN:108,(anonymous_11)
FNF:11
FNH:0
FNDA:0,(anonymous_1)
FNDA:0,(anonymous_2)
FNDA:0,(anonymous_3)
FNDA:0,(anonymous_4)
FNDA:0,(anonymous_5)
FNDA:0,(anonymous_6)
FNDA:0,(anonymous_7)
FNDA:0,(anonymous_8)
FNDA:0,(anonymous_9)
FNDA:0,(anonymous_10)
FNDA:0,(anonymous_11)
DA:1,115
DA:3,115
DA:4,115
DA:5,115
DA:6,115
DA:8,115
DA:12,0
DA:16,0
DA:17,0
DA:23,0
DA:25,0
DA:27,0
DA:28,0
DA:31,0
DA:35,0
DA:36,0
DA:37,0
DA:38,0
DA:40,0
DA:41,0
DA:42,0
DA:44,0
DA:45,0
DA:46,0
DA:47,0
DA:48,0
DA:50,0
DA:55,0
DA:56,0
DA:58,0
DA:60,0
DA:64,0
DA:67,0
DA:68,0
DA:70,0
DA:71,0
DA:72,0
DA:73,0
DA:75,0
DA:76,0
DA:77,0
DA:79,0
DA:90,0
DA:91,0
DA:92,0
DA:96,0
DA:97,0
DA:98,0
DA:99,0
DA:100,0
DA:101,0
DA:108,0
DA:109,0
LF:53
LH:6
BRDA:15,0,0,0
BRDA:27,1,0,0
BRDA:27,1,1,0
BRDA:44,2,0,0
BRDA:44,2,1,0
BRDA:56,3,0,0
BRDA:56,3,1,0
BRDA:70,4,0,0
BRDA:70,4,1,0
BRDA:97,5,0,0
BRDA:97,5,1,0
BRDA:97,6,0,0
BRDA:97,6,1,0
BRDA:99,7,0,0
BRDA:99,7,1,0
BRF:15
BRH:0
end_of_record
TN:
SF:app/codeCharta/util/algorithm/streetLayout/street.ts
FN:6,(anonymous_1)
FN:11,(anonymous_2)
FN:22,(anonymous_3)
FNF:3
FNH:1
FNDA:115,(anonymous_1)
FNDA:0,(anonymous_2)
FNDA:0,(anonymous_3)
DA:1,115
DA:6,115
DA:7,115
DA:8,115
DA:13,0
DA:14,0
DA:23,0
LF:7
LH:4
BRDA:6,0,0,115
BRDA:6,0,1,115
BRF:2
BRH:2
end_of_record
TN:
SF:app/codeCharta/util/algorithm/streetLayout/streetLayoutGenerator.ts
FN:16,(anonymous_1)
FN:19,(anonymous_2)
FN:32,(anonymous_3)
FN:37,(anonymous_4)
FN:78,(anonymous_5)
FN:84,(anonymous_6)
FN:88,(anonymous_7)
FNF:7
FNH:0
FNDA:0,(anonymous_1)
FNDA:0,(anonymous_2)
FNDA:0,(anonymous_3)
FNDA:0,(anonymous_4)
FNDA:0,(anonymous_5)
FNDA:0,(anonymous_6)
FNDA:0,(anonymous_7)
DA:1,115
DA:3,115
DA:4,115
DA:5,115
DA:7,115
DA:8,115
DA:9,115
DA:10,115
DA:11,115
DA:13,115
DA:14,115
DA:17,0
DA:19,0
DA:21,0
DA:23,0
DA:24,0
DA:25,0
DA:26,0
DA:27,0
DA:28,0
DA:29,0
DA:30,0
DA:32,0
DA:33,0
DA:45,0
DA:46,0
DA:47,0
DA:48,0
DA:49,0
DA:51,0
DA:52,0
DA:53,0
DA:56,0
DA:57,0
DA:58,0
DA:59,0
DA:60,0
DA:62,0
DA:63,0
DA:71,0
DA:72,0
DA:75,0
DA:79,0
DA:85,0
DA:89,0
DA:90,0
DA:91,0
DA:93,0
LF:48
LH:11
BRDA:48,0,0,0
BRDA:48,0,1,0
BRDA:51,1,0,0
BRDA:51,1,1,0
BRDA:58,2,0,0
BRDA:58,2,1,0
BRDA:58,3,0,0
BRDA:58,3,1,0
BRDA:80,4,0,0
BRDA:80,4,1,0
BRDA:91,5,0,0
BRDA:91,5,1,0
BRF:12
BRH:0
end_of_record
TN:
SF:app/codeCharta/util/algorithm/streetLayout/streetViewHelper.ts
FN:6,calculateSize
FN:21,mergeDirectories
FN:38,getHeightValue
FN:50,buildNodeFrom
FNF:4
FNH:2
FNDA:3,calculateSize
FNDA:1,mergeDirectories
FNDA:0,getHeightValue
FNDA:0,buildNodeFrom
DA:1,116
DA:3,116
DA:4,116
DA:11,3
DA:13,3
DA:14,1
DA:15,1
DA:18,3
DA:22,1
DA:23,1
DA:24,1
DA:25,1
DA:26,0
DA:27,0
DA:28,0
DA:29,0
DA:30,0
DA:31,0
DA:35,1
DA:39,0
DA:41,0
DA:42,0
DA:44,0
DA:45,0
DA:47,0
DA:51,0
DA:52,0
DA:53,0
DA:54,0
DA:58,0
DA:59,0
DA:60,0
DA:61,0
DA:63,0
DA:92,116
LF:35
LH:14
BRDA:11,0,0,3
BRDA:11,0,1,1
BRDA:13,1,0,1
BRDA:13,1,1,2
BRDA:13,2,0,3
BRDA:13,2,1,1
BRDA:13,2,2,1
BRDA:25,3,0,0
BRDA:25,3,1,1
BRDA:27,4,0,0
BRDA:27,4,1,0
BRDA:39,5,0,0
BRDA:39,5,1,0
BRDA:41,6,0,0
BRDA:41,6,1,0
BRDA:44,7,0,0
BRDA:44,7,1,0
BRDA:51,8,0,0
BRDA:51,8,1,0
BRDA:55,9,0,0
BRDA:55,9,1,0
BRDA:79,10,0,0
BRDA:79,10,1,0
BRDA:78,11,0,0
BRDA:78,11,1,0
BRDA:78,12,0,0
BRDA:78,12,1,0
BRF:27
BRH:8
end_of_record
TN:
SF:app/codeCharta/util/algorithm/streetLayout/treeMap.ts
FN:10,(anonymous_1)
FN:16,(anonymous_2)
FNF:2
FNH:0
FNDA:0,(anonymous_1)
FNDA:0,(anonymous_2)
DA:1,115
DA:4,115
DA:7,0
DA:11,0
DA:17,0
DA:18,0
DA:19,0
DA:20,0
LF:8
LH:2
BRF:0
BRH:0
end_of_record
TN:
SF:app/codeCharta/util/algorithm/streetLayout/verticalStreet.ts
FN:9,(anonymous_4)
FN:21,(anonymous_5)
FN:28,(anonymous_6)
FN:42,(anonymous_7)
FN:51,(anonymous_8)
FN:68,(anonymous_9)
FN:86,(anonymous_10)
FN:103,(anonymous_11)
FN:107,(anonymous_12)
FN:111,(anonymous_13)
FN:115,(anonymous_14)
FN:124,(anonymous_15)
FN:141,(anonymous_16)
FN:149,(anonymous_17)
FN:150,(anonymous_18)
FN:153,(anonymous_19)
FN:160,(anonymous_20)
FN:175,(anonymous_21)
FNF:18
FNH:1
FNDA:115,(anonymous_4)
FNDA:0,(anonymous_5)
FNDA:0,(anonymous_6)
FNDA:0,(anonymous_7)
FNDA:0,(anonymous_8)
FNDA:0,(anonymous_9)
FNDA:0,(anonymous_10)
FNDA:0,(anonymous_11)
FNDA:0,(anonymous_12)
FNDA:0,(anonymous_13)
FNDA:0,(anonymous_14)
FNDA:0,(anonymous_15)
FNDA:0,(anonymous_16)
FNDA:0,(anonymous_17)
FNDA:0,(anonymous_18)
FNDA:0,(anonymous_19)
FNDA:0,(anonymous_20)
FNDA:0,(anonymous_21)
DA:2,115
DA:3,115
DA:4,115
DA:6,115
DA:7,115
DA:9,115
DA:10,115
DA:11,115
DA:15,0
DA:16,0
DA:17,0
DA:22,0
DA:23,0
DA:24,0
DA:25,0
DA:29,0
DA:30,0
DA:32,0
DA:33,0
DA:37,0
DA:38,0
DA:39,0
DA:43,0
DA:44,0
DA:45,0
DA:46,0
DA:48,0
DA:52,0
DA:53,0
DA:55,0
DA:56,0
DA:57,0
DA:59,0
DA:60,0
DA:61,0
DA:62,0
DA:63,0
DA:65,0
DA:69,0
DA:70,0
DA:71,0
DA:72,0
DA:73,0
DA:75,0
DA:76,0
DA:78,0
DA:87,0
DA:88,0
DA:90,0
DA:91,0
DA:92,0
DA:94,0
DA:95,0
DA:96,0
DA:97,0
DA:98,0
DA:100,0
DA:104,0
DA:108,0
DA:112,0
DA:116,0
DA:118,0
DA:119,0
DA:121,0
DA:125,0
DA:126,0
DA:128,0
DA:129,0
DA:130,0
DA:131,0
DA:133,0
DA:134,0
DA:136,0
DA:142,0
DA:143,0
DA:145,0
DA:150,0
DA:154,0
DA:155,0
DA:157,0
DA:161,0
DA:162,0
DA:164,0
DA:168,0
DA:172,0
DA:176,0
DA:177,0
DA:178,0
DA:180,0
DA:184,0
DA:188,0
LF:91
LH:8
BRDA:9,0,0,115
BRDA:9,0,1,115
BRDA:21,1,0,0
BRDA:55,2,0,0
BRDA:55,2,1,0
BRDA:75,3,0,0
BRDA:75,3,1,0
BRDA:90,4,0,0
BRDA:90,4,1,0
BRDA:129,5,0,0
BRDA:129,5,1,0
BRDA:130,6,0,0
BRDA:130,6,1,0
BRDA:142,7,0,0
BRDA:142,7,1,0
BRDA:154,8,0,0
BRDA:154,8,1,0
BRDA:165,9,0,0
BRDA:165,9,1,0
BRDA:164,10,0,0
BRDA:164,10,1,0
BRDA:169,11,0,0
BRDA:169,11,1,0
BRDA:168,12,0,0
BRDA:168,12,1,0
BRDA:172,13,0,0
BRDA:172,13,1,0
BRDA:172,14,0,0
BRDA:172,14,1,0
BRDA:181,15,0,0
BRDA:181,15,1,0
BRDA:180,16,0,0
BRDA:180,16,1,0
BRDA:185,17,0,0
BRDA:185,17,1,0
BRDA:184,18,0,0
BRDA:184,18,1,0
BRDA:188,19,0,0
BRDA:188,19,1,0
BRDA:188,20,0,0
BRDA:188,20,1,0
BRF:41
BRH:2
end_of_record
TN:
SF:app/codeCharta/util/algorithm/streetLayout/strip/horizontalStrip.ts
FN:6,(anonymous_1)
FN:12,(anonymous_2)
FN:16,(anonymous_3)
FN:49,(anonymous_4)
FNF:4
FNH:1
FNDA:115,(anonymous_1)
FNDA:0,(anonymous_2)
FNDA:0,(anonymous_3)
FNDA:0,(anonymous_4)
DA:1,115
DA:2,115
DA:3,115
DA:6,115
DA:7,115
DA:8,115
DA:13,0
DA:24,0
DA:26,0
DA:27,0
DA:29,0
DA:30,0
DA:31,0
DA:32,0
DA:34,0
DA:35,0
DA:36,0
DA:37,0
DA:38,0
DA:44,0
DA:46,0
DA:50,0
DA:51,0
DA:52,0
DA:53,0
DA:54,0
DA:55,0
DA:56,0
DA:58,0
LF:29
LH:6
BRDA:6,0,0,115
BRDA:6,0,1,115
BRDA:22,1,0,0
BRDA:26,2,0,0
BRDA:26,2,1,0
BRDA:36,3,0,0
BRDA:36,3,1,0
BRDA:40,4,0,0
BRDA:40,4,1,0
BRF:9
BRH:2
end_of_record
TN:
SF:app/codeCharta/util/algorithm/streetLayout/strip/strip.ts
FN:9,(anonymous_1)
FN:24,(anonymous_2)
FN:25,(anonymous_3)
FN:28,(anonymous_4)
FN:29,(anonymous_5)
FN:32,(anonymous_6)
FN:33,(anonymous_7)
FN:36,(anonymous_8)
FN:37,(anonymous_9)
FN:40,(anonymous_10)
FN:54,(anonymous_11)
FN:60,(anonymous_12)
FNF:12
FNH:0
FNDA:0,(anonymous_1)
FNDA:0,(anonymous_2)
FNDA:0,(anonymous_3)
FNDA:0,(anonymous_4)
FNDA:0,(anonymous_5)
FNDA:0,(anonymous_6)
FNDA:0,(anonymous_7)
FNDA:0,(anonymous_8)
FNDA:0,(anonymous_9)
FNDA:0,(anonymous_10)
FNDA:0,(anonymous_11)
FNDA:0,(anonymous_12)
DA:1,115
DA:2,115
DA:4,115
DA:7,0
DA:10,0
DA:25,0
DA:29,0
DA:33,0
DA:37,0
DA:41,0
DA:42,0
DA:43,0
DA:45,0
DA:46,0
DA:49,0
DA:55,0
DA:56,0
DA:57,0
DA:61,0
DA:62,0
DA:63,0
DA:64,0
LF:22
LH:3
BRDA:45,0,0,0
BRDA:45,0,1,0
BRF:2
BRH:0
end_of_record
TN:
SF:app/codeCharta/util/algorithm/streetLayout/strip/verticalStrip.ts
FN:6,(anonymous_1)
FN:12,(anonymous_2)
FN:16,(anonymous_3)
FN:48,(anonymous_4)
FNF:4
FNH:1
FNDA:115,(anonymous_1)
FNDA:0,(anonymous_2)
FNDA:0,(anonymous_3)
FNDA:0,(anonymous_4)
DA:1,115
DA:2,115
DA:3,115
DA:6,115
DA:7,115
DA:8,115
DA:13,0
DA:24,0
DA:26,0
DA:27,0
DA:28,0
DA:29,0
DA:30,0
DA:31,0
DA:33,0
DA:34,0
DA:35,0
DA:36,0
DA:37,0
DA:43,0
DA:45,0
DA:49,0
DA:50,0
DA:51,0
DA:52,0
DA:53,0
DA:55,0
DA:56,0
DA:58,0
LF:29
LH:6
BRDA:6,0,0,115
BRDA:6,0,1,115
BRDA:22,1,0,0
BRDA:26,2,0,0
BRDA:26,2,1,0
BRDA:35,3,0,0
BRDA:35,3,1,0
BRDA:39,4,0,0
BRDA:39,4,1,0
BRF:9
BRH:2
end_of_record
TN:
SF:app/codeCharta/util/algorithm/treeMapLayout/treeMapGenerator.ts
FN:13,createTreemapNodes
FN:15,(anonymous_1)
FN:60,buildSquarifiedTreeMapsForFixedFolders
FN:140,hasFixedFolders
FN:146,scaleRoot
FN:153,getSquarifiedTreeMap
FN:169,(anonymous_6)
FN:193,(anonymous_7)
FN:206,(anonymous_8)
FN:209,getEstimatedNodesPerSide
FN:212,(anonymous_10)
FN:226,isOnlyVisibleInComparisonMap
FN:231,calculateAreaValue
FNF:13
FNH:13
FNDA:12,createTreemapNodes
FNDA:14,(anonymous_1)
FNDA:5,buildSquarifiedTreeMapsForFixedFolders
FNDA:58,hasFixedFolders
FNDA:3,scaleRoot
FNDA:23,getSquarifiedTreeMap
FNDA:99,(anonymous_6)
FNDA:31,(anonymous_7)
FNDA:99,(anonymous_8)
FNDA:26,getEstimatedNodesPerSide
FNDA:148,(anonymous_10)
FNDA:3,isOnlyVisibleInComparisonMap
FNDA:100,calculateAreaValue
DA:1,116
DA:2,116
DA:4,116
DA:8,116
DA:9,116
DA:10,116
DA:14,12
DA:15,14
DA:16,12
DA:18,12
DA:19,3
DA:22,3
DA:26,3
DA:29,3
DA:30,3
DA:33,3
DA:35,3
DA:51,9
DA:53,9
DA:54,9
DA:55,36
DA:57,9
DA:72,5
DA:74,5
DA:75,14
DA:76,14
DA:78,14
DA:83,46
DA:84,46
DA:88,46
DA:89,46
DA:90,46
DA:91,46
DA:94,46
DA:95,46
DA:96,46
DA:97,46
DA:99,46
DA:100,46
DA:102,46
DA:108,2
DA:109,2
DA:111,2
DA:132,2
DA:137,5
DA:143,58
DA:147,3
DA:148,3
DA:149,3
DA:150,3
DA:154,23
DA:155,23
DA:156,23
DA:160,23
DA:161,14
DA:162,14
DA:164,9
DA:165,9
DA:168,23
DA:169,23
DA:171,99
DA:172,31
DA:173,20
DA:175,31
DA:176,11
DA:186,23
DA:187,23
DA:189,23
DA:195,31
DA:197,20
DA:199,11
DA:200,11
DA:203,0
DA:206,99
DA:210,26
DA:211,26
DA:212,26
DA:213,148
DA:214,0
DA:216,148
DA:223,26
DA:227,3
DA:232,100
DA:233,0
DA:236,100
DA:237,1
DA:240,99
DA:241,38
DA:243,61
LF:89
LH:86
BRDA:18,0,0,3
BRDA:18,0,1,9
BRDA:102,1,0,2
BRDA:102,1,1,44
BRDA:143,2,0,3
BRDA:143,2,1,55
BRDA:143,3,0,58
BRDA:143,3,1,58
BRDA:160,4,0,14
BRDA:160,4,1,9
BRDA:171,5,0,31
BRDA:171,5,1,68
BRDA:172,6,0,20
BRDA:172,6,1,11
BRDA:175,7,0,11
BRDA:175,7,1,20
BRDA:175,8,0,31
BRDA:175,8,1,11
BRDA:195,9,0,20
BRDA:195,9,1,11
BRDA:199,10,0,11
BRDA:199,10,1,0
BRDA:199,11,0,11
BRDA:199,11,1,11
BRDA:213,12,0,0
BRDA:213,12,1,148
BRDA:213,13,0,148
BRDA:213,13,1,148
BRDA:227,14,0,3
BRDA:227,14,1,1
BRDA:232,15,0,0
BRDA:232,15,1,100
BRDA:236,16,0,1
BRDA:236,16,1,99
BRDA:236,17,0,100
BRDA:236,17,1,3
BRDA:240,18,0,38
BRDA:240,18,1,61
BRDA:240,19,0,99
BRDA:240,19,1,68
BRDA:240,20,0,0
BRDA:240,20,1,68
BRDA:240,21,0,68
BRDA:240,21,1,68
BRF:44
BRH:40
end_of_record
TN:
SF:app/codeCharta/util/algorithm/treeMapLayout/treeMapHelper.ts
FN:11,countNodes
FN:22,calculateSize
FN:33,buildingArrayToMap
FN:43,buildRootFolderForFixedFolders
FN:75,buildNodeFrom
FN:122,getHeightValue
FN:138,isVisible
FN:150,getIncomingEdgePoint
FN:157,getOutgoingEdgePoint
FN:164,isNodeFlat
FN:173,(anonymous_10)
FN:180,nodeHasNoVisibleEdges
FN:183,(anonymous_12)
FN:187,isNodeNonSearched
FN:191,getBuildingColor
FNF:15
FNH:14
FNDA:9,countNodes
FNDA:0,calculateSize
FNDA:6,buildingArrayToMap
FNDA:3,buildRootFolderForFixedFolders
FNDA:109,buildNodeFrom
FNDA:109,getHeightValue
FNDA:112,isVisible
FNDA:112,getIncomingEdgePoint
FNDA:112,getOutgoingEdgePoint
FNDA:112,isNodeFlat
FNDA:12,(anonymous_10)
FNDA:1,nodeHasNoVisibleEdges
FNDA:1,(anonymous_12)
FNDA:2,isNodeNonSearched
FNDA:112,getBuildingColor
DA:1,119
DA:3,119
DA:7,119
DA:8,119
DA:9,119
DA:12,9
DA:13,9
DA:14,4
DA:15,5
DA:18,9
DA:23,0
DA:25,0
DA:26,0
DA:27,0
DA:30,0
DA:34,6
DA:36,6
DA:37,4
DA:40,6
DA:44,3
DA:45,3
DA:46,3
DA:47,3
DA:49,3
DA:82,109
DA:83,109
DA:84,109
DA:85,109
DA:86,109
DA:87,109
DA:88,109
DA:91,109
DA:92,109
DA:93,109
DA:95,109
DA:123,109
DA:125,109
DA:126,4
DA:129,105
DA:130,105
DA:132,105
DA:133,83
DA:135,22
DA:139,112
DA:140,5
DA:143,107
DA:144,1
DA:147,106
DA:151,112
DA:152,19
DA:154,93
DA:158,112
DA:159,19
DA:161,93
DA:165,112
DA:166,2
DA:169,110
DA:170,2
DA:173,108
DA:174,1
DA:177,107
DA:181,1
DA:183,1
DA:188,2
DA:192,112
DA:194,112
DA:195,0
DA:197,112
DA:199,112
DA:200,86
DA:202,26
DA:203,1
DA:205,25
DA:206,25
DA:207,14
DA:209,11
DA:210,10
DA:212,1
DA:215,119
LF:79
LH:73
BRDA:13,0,0,4
BRDA:13,0,1,5
BRDA:23,1,0,0
BRDA:23,1,1,0
BRDA:25,2,0,0
BRDA:25,2,1,0
BRDA:25,3,0,0
BRDA:25,3,1,0
BRDA:25,3,2,0
BRDA:63,4,0,0
BRDA:63,4,1,3
BRDA:63,5,0,3
BRDA:63,5,1,3
BRDA:63,6,0,3
BRDA:63,6,1,0
BRDA:63,7,0,3
BRDA:63,7,1,3
BRDA:89,8,0,82
BRDA:89,8,1,27
BRDA:110,9,0,4
BRDA:110,9,1,105
BRDA:110,10,0,109
BRDA:110,10,1,109
BRDA:110,11,0,104
BRDA:110,11,1,5
BRDA:110,12,0,109
BRDA:110,12,1,109
BRDA:125,13,0,4
BRDA:125,13,1,105
BRDA:129,14,0,105
BRDA:129,14,1,84
BRDA:132,15,0,83
BRDA:132,15,1,22
BRDA:139,16,0,5
BRDA:139,16,1,107
BRDA:139,17,0,112
BRDA:139,17,1,111
BRDA:139,17,2,81
BRDA:139,17,3,81
BRDA:143,18,0,1
BRDA:143,18,1,106
BRDA:151,19,0,19
BRDA:151,19,1,93
BRDA:158,20,0,19
BRDA:158,20,1,93
BRDA:165,21,0,2
BRDA:165,21,1,110
BRDA:169,22,0,2
BRDA:169,22,1,108
BRDA:169,23,0,110
BRDA:169,23,1,110
BRDA:169,24,0,0
BRDA:169,24,1,110
BRDA:169,25,0,110
BRDA:169,25,1,110
BRDA:170,26,0,2
BRDA:170,26,1,2
BRDA:173,27,0,1
BRDA:173,27,1,107
BRDA:173,28,0,108
BRDA:173,28,1,12
BRDA:182,29,0,1
BRDA:182,29,1,1
BRDA:183,30,0,1
BRDA:183,30,1,1
BRDA:194,31,0,0
BRDA:194,31,1,112
BRDA:199,32,0,86
BRDA:199,32,1,26
BRDA:202,33,0,1
BRDA:202,33,1,25
BRDA:205,34,0,20
BRDA:205,34,1,5
BRDA:206,35,0,14
BRDA:206,35,1,11
BRDA:207,36,0,1
BRDA:207,36,1,13
BRDA:209,37,0,10
BRDA:209,37,1,1
BRDA:210,38,0,2
BRDA:210,38,1,8
BRF:81
BRH:70
end_of_record
TN:
SF:app/codeCharta/util/color/colorConverter.ts
FN:9,(anonymous_1)
FN:19,(anonymous_2)
FN:29,(anonymous_3)
FN:33,(anonymous_4)
FN:39,(anonymous_5)
FN:44,(anonymous_6)
FN:49,(anonymous_7)
FN:56,(anonymous_8)
FN:61,(anonymous_9)
FN:66,(anonymous_10)
FN:74,(anonymous_11)
FN:88,(anonymous_12)
FN:94,(anonymous_13)
FN:109,(anonymous_14)
FN:113,(anonymous_15)
FN:122,(anonymous_16)
FNF:16
FNH:16
FNDA:1512,(anonymous_1)
FNDA:6,(anonymous_2)
FNDA:1140,(anonymous_3)
FNDA:2,(anonymous_4)
FNDA:240,(anonymous_5)
FNDA:60,(anonymous_6)
FNDA:150,(anonymous_7)
FNDA:26,(anonymous_8)
FNDA:21,(anonymous_9)
FNDA:1,(anonymous_10)
FNDA:30,(anonymous_11)
FNDA:4,(anonymous_12)
FNDA:304,(anonymous_13)
FNDA:4,(anonymous_14)
FNDA:8,(anonymous_15)
FNDA:4,(anonymous_16)
DA:1,148
DA:2,148
DA:3,148
DA:6,148
DA:7,148
DA:10,1512
DA:11,1512
DA:12,20
DA:13,20
DA:16,1512
DA:20,6
DA:21,6
DA:22,2
DA:23,2
DA:26,6
DA:30,1140
DA:34,2
DA:35,2
DA:36,2
DA:40,240
DA:41,240
DA:45,60
DA:46,60
DA:50,150
DA:57,26
DA:58,26
DA:62,21
DA:63,21
DA:67,1
DA:68,1
DA:69,1
DA:71,1
DA:75,30
DA:76,30
DA:77,30
DA:78,30
DA:80,30
DA:81,150
DA:82,150
DA:83,150
DA:85,30
DA:89,4
DA:90,4
DA:91,4
DA:96,304
DA:97,304
DA:100,2
DA:102,304
DA:110,4
DA:114,8
DA:115,8
DA:116,8
DA:117,8
DA:118,8
DA:119,8
DA:123,4
LF:56
LH:56
BRDA:11,0,0,20
BRDA:11,0,1,1492
BRDA:21,1,0,2
BRDA:21,1,1,4
BRDA:39,2,0,239
BRDA:97,3,0,2
BRDA:97,3,1,302
BRF:7
BRH:7
end_of_record
TN:
SF:app/codeCharta/util/color/hsl.ts
FN:4,(anonymous_1)
FN:6,(anonymous_2)
FN:10,(anonymous_3)
FN:14,(anonymous_4)
FN:18,(anonymous_5)
FN:22,(anonymous_6)
FNF:6
FNH:6
FNDA:32,(anonymous_1)
FNDA:27,(anonymous_2)
FNDA:27,(anonymous_3)
FNDA:42,(anonymous_4)
FNDA:26,(anonymous_5)
FNDA:2,(anonymous_6)
DA:1,149
DA:4,32
DA:7,27
DA:11,27
DA:15,42
DA:19,26
DA:23,2
LF:7
LH:7
BRF:0
BRH:0
end_of_record
